{
	"contracts\\interfaces\\ISportsAMMV2.sol": {
		"l": {},
		"path": "C:\\Projects\\thales\\contracts-v2\\contracts\\interfaces\\ISportsAMMV2.sol",
		"s": {},
		"b": {},
		"f": {},
		"fnMap": {},
		"statementMap": {},
		"branchMap": {}
	},
	"contracts\\interfaces\\ISportsAMMV2LiquidityPool.sol": {
		"l": {},
		"path": "C:\\Projects\\thales\\contracts-v2\\contracts\\interfaces\\ISportsAMMV2LiquidityPool.sol",
		"s": {},
		"b": {},
		"f": {},
		"fnMap": {},
		"statementMap": {},
		"branchMap": {}
	},
	"contracts\\interfaces\\ISportsAMMV2Manager.sol": {
		"l": {},
		"path": "C:\\Projects\\thales\\contracts-v2\\contracts\\interfaces\\ISportsAMMV2Manager.sol",
		"s": {},
		"b": {},
		"f": {},
		"fnMap": {},
		"statementMap": {},
		"branchMap": {}
	},
	"contracts\\interfaces\\ISportsAMMV2ResultManager.sol": {
		"l": {},
		"path": "C:\\Projects\\thales\\contracts-v2\\contracts\\interfaces\\ISportsAMMV2ResultManager.sol",
		"s": {},
		"b": {},
		"f": {},
		"fnMap": {},
		"statementMap": {},
		"branchMap": {}
	},
	"contracts\\interfaces\\ISportsAMMV2RiskManager.sol": {
		"l": {},
		"path": "C:\\Projects\\thales\\contracts-v2\\contracts\\interfaces\\ISportsAMMV2RiskManager.sol",
		"s": {},
		"b": {},
		"f": {},
		"fnMap": {},
		"statementMap": {},
		"branchMap": {}
	},
	"contracts\\Overtime\\LiquidityPool\\DefaultLiquidityProvider.sol": {
		"l": {
			"29": 1,
			"30": 1,
			"31": 1,
			"32": 1,
			"33": 1,
			"39": 2,
			"40": 2,
			"42": 2,
			"43": 2,
			"44": 2,
			"51": 1
		},
		"path": "C:\\Projects\\thales\\contracts-v2\\contracts\\Overtime\\LiquidityPool\\DefaultLiquidityProvider.sol",
		"s": { "1": 1, "2": 1, "3": 1, "4": 2, "5": 2, "6": 2, "7": 2, "8": 1 },
		"b": { "1": [1, 0], "2": [2, 1], "3": [2, 0], "4": [1, 1], "5": [1, 0] },
		"f": { "1": 1, "2": 2, "3": 1 },
		"fnMap": {
			"1": {
				"name": "initialize",
				"line": 28,
				"loc": {
					"start": { "line": 28, "column": 4 },
					"end": { "line": 34, "column": 4 }
				}
			},
			"2": {
				"name": "setLiquidityPool",
				"line": 38,
				"loc": {
					"start": { "line": 38, "column": 4 },
					"end": { "line": 45, "column": 4 }
				}
			},
			"3": {
				"name": "retrieveCollateralAmount",
				"line": 50,
				"loc": {
					"start": { "line": 50, "column": 4 },
					"end": { "line": 52, "column": 4 }
				}
			}
		},
		"statementMap": {
			"1": {
				"start": { "line": 29, "column": 8 },
				"end": { "line": 29, "column": 23 }
			},
			"2": {
				"start": { "line": 30, "column": 8 },
				"end": { "line": 30, "column": 25 }
			},
			"3": {
				"start": { "line": 33, "column": 8 },
				"end": { "line": 33, "column": 54 }
			},
			"4": {
				"start": { "line": 39, "column": 8 },
				"end": { "line": 39, "column": 1324 }
			},
			"5": {
				"start": { "line": 40, "column": 12 },
				"end": { "line": 40, "column": 47 }
			},
			"6": {
				"start": { "line": 43, "column": 8 },
				"end": { "line": 43, "column": 55 }
			},
			"7": {
				"start": { "line": 44, "column": 8 },
				"end": { "line": 44, "column": 45 }
			},
			"8": {
				"start": { "line": 51, "column": 8 },
				"end": { "line": 51, "column": 49 }
			}
		},
		"branchMap": {
			"1": {
				"line": 28,
				"type": "if",
				"locations": [
					{
						"start": { "line": 28, "column": 91 },
						"end": { "line": 28, "column": 91 }
					},
					{
						"start": { "line": 28, "column": 91 },
						"end": { "line": 28, "column": 91 }
					}
				]
			},
			"2": {
				"line": 38,
				"type": "if",
				"locations": [
					{
						"start": { "line": 38, "column": 63 },
						"end": { "line": 38, "column": 63 }
					},
					{
						"start": { "line": 38, "column": 63 },
						"end": { "line": 38, "column": 63 }
					}
				]
			},
			"3": {
				"line": 39,
				"type": "if",
				"locations": [
					{
						"start": { "line": 39, "column": 8 },
						"end": { "line": 39, "column": 8 }
					},
					{
						"start": { "line": 39, "column": 8 },
						"end": { "line": 39, "column": 8 }
					}
				]
			},
			"4": {
				"line": 50,
				"type": "if",
				"locations": [
					{
						"start": { "line": 50, "column": 87 },
						"end": { "line": 50, "column": 87 }
					},
					{
						"start": { "line": 50, "column": 87 },
						"end": { "line": 50, "column": 87 }
					}
				]
			},
			"5": {
				"line": 50,
				"type": "if",
				"locations": [
					{
						"start": { "line": 50, "column": 97 },
						"end": { "line": 50, "column": 97 }
					},
					{
						"start": { "line": 50, "column": 97 },
						"end": { "line": 50, "column": 97 }
					}
				]
			}
		}
	},
	"contracts\\Overtime\\LiquidityPool\\SportsAMMV2LiquidityPool.sol": {
		"l": {
			"100": 1,
			"101": 1,
			"102": 1,
			"103": 1,
			"105": 1,
			"106": 1,
			"107": 1,
			"108": 1,
			"109": 1,
			"110": 1,
			"111": 1,
			"112": 1,
			"114": 1,
			"115": 1,
			"122": 32,
			"123": 31,
			"125": 30,
			"126": 30,
			"128": 30,
			"129": 30,
			"131": 30,
			"132": 30,
			"138": 52,
			"139": 52,
			"140": 52,
			"142": 52,
			"145": 51,
			"146": 48,
			"147": 47,
			"148": 47,
			"151": 50,
			"153": 50,
			"154": 50,
			"156": 50,
			"157": 50,
			"160": 50,
			"167": 19,
			"168": 19,
			"170": 19,
			"171": 19,
			"172": 19,
			"173": 19,
			"174": 17,
			"175": 17,
			"181": 1,
			"182": 1,
			"183": 0,
			"185": 1,
			"186": 1,
			"187": 1,
			"190": 1,
			"191": 1,
			"194": 19,
			"195": 19,
			"201": 5,
			"202": 5,
			"203": 5,
			"204": 5,
			"205": 5,
			"211": 6,
			"212": 2,
			"214": 4,
			"217": 6,
			"218": 6,
			"219": 6,
			"225": 2,
			"227": 1,
			"228": 1,
			"229": 1,
			"231": 0,
			"234": 1,
			"235": 1,
			"236": 1,
			"241": 19,
			"243": 17,
			"245": 17,
			"247": 17,
			"250": 17,
			"251": 4,
			"252": 4,
			"253": 4,
			"254": 4,
			"260": 17,
			"261": 1,
			"263": 16,
			"266": 17,
			"268": 17,
			"274": 17,
			"275": 16,
			"276": 15,
			"278": 14,
			"280": 14,
			"281": 14,
			"282": 13,
			"285": 14,
			"286": 20,
			"287": 20,
			"288": 20,
			"289": 15,
			"290": 15,
			"291": 15,
			"292": 15,
			"295": 5,
			"296": 1,
			"297": 1,
			"298": 1,
			"299": 1,
			"300": 1,
			"301": 1,
			"302": 1,
			"304": 4,
			"305": 4,
			"306": 4,
			"307": 4,
			"310": 20,
			"313": 14,
			"318": 15,
			"319": 14,
			"321": 13,
			"323": 13,
			"326": 13,
			"327": 1,
			"329": 1,
			"330": 1,
			"333": 13,
			"334": 10,
			"336": 3,
			"340": 13,
			"343": 13,
			"345": 13,
			"347": 13,
			"349": 13,
			"351": 13,
			"353": 13,
			"358": 22,
			"359": 22,
			"360": 22,
			"361": 14,
			"362": 14,
			"363": 11,
			"364": 11,
			"365": 3,
			"367": 11,
			"368": 11,
			"379": 3,
			"380": 3,
			"381": 3,
			"382": 3,
			"383": 2,
			"384": 2,
			"385": 2,
			"386": 2,
			"387": 2,
			"388": 1,
			"390": 2,
			"391": 1,
			"392": 1,
			"404": 7,
			"413": 4,
			"419": 30,
			"420": 9,
			"435": 21,
			"441": 10,
			"442": 10,
			"443": 10,
			"444": 6,
			"445": 6,
			"446": 4,
			"447": 4,
			"448": 2,
			"452": 8,
			"460": 2,
			"467": 1,
			"474": 178,
			"481": 32,
			"482": 32,
			"483": 19,
			"484": 19,
			"485": 19,
			"486": 29,
			"487": 29,
			"488": 29,
			"489": 19,
			"491": 10,
			"492": 1,
			"493": 1,
			"497": 0,
			"506": 1,
			"512": 6,
			"518": 1,
			"520": 1,
			"522": 1,
			"523": 1,
			"525": 1,
			"529": 1,
			"531": 1,
			"533": 1,
			"534": 1,
			"536": 1,
			"540": 118,
			"541": 118,
			"542": 49,
			"543": 1,
			"544": 1,
			"546": 48,
			"547": 48,
			"550": 48,
			"557": 48,
			"558": 48,
			"559": 48,
			"569": 3,
			"575": 4,
			"576": 3,
			"577": 3,
			"583": 3,
			"584": 2,
			"585": 2,
			"591": 2,
			"592": 2,
			"598": 2,
			"599": 2,
			"605": 3,
			"606": 3,
			"612": 3,
			"613": 2,
			"614": 2,
			"616": 2,
			"617": 2,
			"618": 2,
			"624": 5,
			"625": 4,
			"626": 4,
			"632": 3,
			"633": 2,
			"634": 2,
			"640": 2,
			"641": 2,
			"648": 2,
			"649": 2,
			"650": 2,
			"656": 56,
			"657": 55,
			"658": 54,
			"659": 50,
			"661": 53,
			"665": 18,
			"666": 16,
			"667": 14,
			"668": 12,
			"669": 10,
			"673": 24,
			"674": 24,
			"678": 134,
			"679": 128
		},
		"path": "C:\\Projects\\thales\\contracts-v2\\contracts\\Overtime\\LiquidityPool\\SportsAMMV2LiquidityPool.sol",
		"s": {
			"1": 1,
			"2": 1,
			"3": 1,
			"4": 32,
			"5": 31,
			"6": 30,
			"7": 30,
			"8": 30,
			"9": 52,
			"10": 52,
			"11": 52,
			"12": 52,
			"13": 51,
			"14": 48,
			"15": 47,
			"16": 50,
			"17": 50,
			"18": 50,
			"19": 19,
			"20": 19,
			"21": 19,
			"22": 19,
			"23": 19,
			"24": 17,
			"25": 17,
			"26": 2,
			"27": 1,
			"28": 1,
			"29": 0,
			"30": 1,
			"31": 1,
			"32": 1,
			"33": 1,
			"34": 1,
			"35": 19,
			"36": 5,
			"37": 5,
			"38": 5,
			"39": 5,
			"40": 6,
			"41": 6,
			"42": 2,
			"43": 1,
			"44": 1,
			"45": 1,
			"46": 19,
			"47": 17,
			"48": 17,
			"49": 17,
			"50": 17,
			"51": 4,
			"52": 4,
			"53": 4,
			"54": 17,
			"55": 17,
			"56": 17,
			"57": 16,
			"58": 15,
			"59": 14,
			"60": 14,
			"61": 14,
			"62": 14,
			"63": 20,
			"64": 20,
			"65": 20,
			"66": 15,
			"67": 15,
			"68": 15,
			"69": 5,
			"70": 1,
			"71": 1,
			"72": 1,
			"73": 1,
			"74": 4,
			"75": 4,
			"76": 14,
			"77": 15,
			"78": 14,
			"79": 13,
			"80": 13,
			"81": 1,
			"82": 1,
			"83": 1,
			"84": 13,
			"85": 13,
			"86": 13,
			"87": 13,
			"88": 22,
			"89": 22,
			"90": 22,
			"91": 14,
			"92": 11,
			"93": 3,
			"94": 11,
			"95": 3,
			"96": 3,
			"97": 3,
			"98": 3,
			"99": 2,
			"100": 2,
			"101": 2,
			"102": 2,
			"103": 1,
			"104": 2,
			"105": 30,
			"106": 9,
			"107": 21,
			"108": 10,
			"109": 10,
			"110": 10,
			"111": 6,
			"112": 4,
			"113": 2,
			"114": 8,
			"115": 2,
			"116": 1,
			"117": 178,
			"118": 32,
			"119": 19,
			"120": 19,
			"121": 19,
			"122": 29,
			"123": 29,
			"124": 10,
			"125": 1,
			"126": 1,
			"127": 1,
			"128": 1,
			"129": 1,
			"130": 1,
			"131": 1,
			"132": 118,
			"133": 49,
			"134": 48,
			"135": 48,
			"136": 48,
			"137": 48,
			"138": 4,
			"139": 3,
			"140": 3,
			"141": 2,
			"142": 2,
			"143": 2,
			"144": 3,
			"145": 3,
			"146": 2,
			"147": 2,
			"148": 2,
			"149": 2,
			"150": 5,
			"151": 4,
			"152": 3,
			"153": 2,
			"154": 2,
			"155": 2,
			"156": 56,
			"157": 55,
			"158": 54,
			"159": 50,
			"160": 18,
			"161": 16,
			"162": 14,
			"163": 12,
			"164": 24,
			"165": 134
		},
		"b": {
			"1": [1, 0],
			"2": [32, 1],
			"3": [31, 1],
			"4": [30, 1],
			"5": [53, 3],
			"6": [53, 0],
			"7": [53, 0],
			"8": [52, 1],
			"9": [51, 1],
			"10": [48, 3],
			"11": [47, 1],
			"12": [50, 0],
			"13": [19, 0],
			"14": [19, 0],
			"15": [19, 0],
			"16": [19, 0],
			"17": [19, 0],
			"18": [19, 0],
			"19": [17, 2],
			"20": [17, 0],
			"21": [1, 1],
			"22": [0, 1],
			"23": [1, 0],
			"24": [5, 0],
			"25": [5, 0],
			"26": [5, 0],
			"27": [1, 4],
			"28": [5, 0],
			"29": [11, 0],
			"30": [7, 4],
			"31": [7, 0],
			"32": [6, 1],
			"33": [2, 4],
			"34": [7, 0],
			"35": [3, 4],
			"36": [3, 0],
			"37": [2, 1],
			"38": [1, 1],
			"39": [1, 0],
			"40": [20, 0],
			"41": [20, 0],
			"42": [19, 1],
			"43": [17, 2],
			"44": [4, 13],
			"45": [1, 16],
			"46": [17, 0],
			"47": [17, 0],
			"48": [16, 1],
			"49": [15, 1],
			"50": [14, 1],
			"51": [13, 1],
			"52": [15, 5],
			"53": [15, 0],
			"54": [1, 4],
			"55": [15, 0],
			"56": [15, 0],
			"57": [14, 1],
			"58": [13, 1],
			"59": [1, 12],
			"60": [10, 3],
			"61": [22, 1],
			"62": [11, 3],
			"63": [3, 8],
			"64": [11, 0],
			"65": [8, 3],
			"66": [4, 0],
			"67": [4, 0],
			"68": [3, 1],
			"69": [3, 0],
			"70": [0, 2],
			"71": [2, 0],
			"72": [1, 1],
			"73": [1, 1],
			"74": [0, 1],
			"75": [9, 21],
			"76": [1, 8],
			"77": [4, 2],
			"78": [2, 2],
			"79": [19, 13],
			"80": [29, 0],
			"81": [19, 10],
			"82": [1, 9],
			"83": [1, 0],
			"84": [1, 0],
			"85": [49, 69],
			"86": [1, 48],
			"87": [48, 0],
			"88": [3, 1],
			"89": [2, 1],
			"90": [4, 1],
			"91": [3, 1],
			"92": [3, 1],
			"93": [2, 1],
			"94": [2, 1],
			"95": [2, 1],
			"96": [3, 1],
			"97": [3, 1],
			"98": [2, 1],
			"99": [2, 0],
			"100": [5, 1],
			"101": [4, 1],
			"102": [3, 1],
			"103": [2, 1],
			"104": [2, 1],
			"105": [2, 1],
			"106": [55, 1],
			"107": [54, 1],
			"108": [50, 4],
			"109": [49, 1],
			"110": [16, 2],
			"111": [14, 2],
			"112": [12, 2],
			"113": [10, 2],
			"114": [24, 0],
			"115": [128, 6]
		},
		"f": {
			"1": 1,
			"2": 32,
			"3": 52,
			"4": 19,
			"5": 5,
			"6": 6,
			"7": 2,
			"8": 19,
			"9": 17,
			"10": 15,
			"11": 22,
			"12": 3,
			"13": 7,
			"14": 4,
			"15": 30,
			"16": 10,
			"17": 2,
			"18": 1,
			"19": 178,
			"20": 32,
			"21": 1,
			"22": 6,
			"23": 1,
			"24": 1,
			"25": 118,
			"26": 3,
			"27": 4,
			"28": 3,
			"29": 2,
			"30": 2,
			"31": 3,
			"32": 3,
			"33": 5,
			"34": 3,
			"35": 2,
			"36": 2,
			"37": 56,
			"38": 18,
			"39": 24,
			"40": 134
		},
		"fnMap": {
			"1": {
				"name": "initialize",
				"line": 99,
				"loc": {
					"start": { "line": 99, "column": 4 },
					"end": { "line": 116, "column": 4 }
				}
			},
			"2": {
				"name": "start",
				"line": 121,
				"loc": {
					"start": { "line": 121, "column": 4 },
					"end": { "line": 133, "column": 4 }
				}
			},
			"3": {
				"name": "deposit",
				"line": 137,
				"loc": {
					"start": { "line": 137, "column": 4 },
					"end": { "line": 161, "column": 4 }
				}
			},
			"4": {
				"name": "commitTrade",
				"line": 166,
				"loc": {
					"start": { "line": 166, "column": 4 },
					"end": { "line": 196, "column": 4 }
				}
			},
			"5": {
				"name": "transferToPool",
				"line": 200,
				"loc": {
					"start": { "line": 200, "column": 4 },
					"end": { "line": 207, "column": 4 }
				}
			},
			"6": {
				"name": "withdrawalRequest",
				"line": 210,
				"loc": {
					"start": { "line": 210, "column": 4 },
					"end": { "line": 220, "column": 4 }
				}
			},
			"7": {
				"name": "partialWithdrawalRequest",
				"line": 224,
				"loc": {
					"start": { "line": 224, "column": 4 },
					"end": { "line": 237, "column": 4 }
				}
			},
			"8": {
				"name": "prepareRoundClosing",
				"line": 240,
				"loc": {
					"start": { "line": 240, "column": 4 },
					"end": { "line": 269, "column": 4 }
				}
			},
			"9": {
				"name": "processRoundClosingBatch",
				"line": 273,
				"loc": {
					"start": { "line": 273, "column": 4 },
					"end": { "line": 314, "column": 4 }
				}
			},
			"10": {
				"name": "closeRound",
				"line": 317,
				"loc": {
					"start": { "line": 317, "column": 4 },
					"end": { "line": 354, "column": 4 }
				}
			},
			"11": {
				"name": "exerciseTicketsReadyToBeExercised",
				"line": 357,
				"loc": {
					"start": { "line": 357, "column": 4 },
					"end": { "line": 372, "column": 4 }
				}
			},
			"12": {
				"name": "exerciseTicketsReadyToBeExercisedBatch",
				"line": 378,
				"loc": {
					"start": { "line": 376, "column": 4 },
					"end": { "line": 396, "column": 4 }
				}
			},
			"13": {
				"name": "isUserLPing",
				"line": 403,
				"loc": {
					"start": { "line": 403, "column": 4 },
					"end": { "line": 407, "column": 4 }
				}
			},
			"14": {
				"name": "getTicketPool",
				"line": 412,
				"loc": {
					"start": { "line": 412, "column": 4 },
					"end": { "line": 414, "column": 4 }
				}
			},
			"15": {
				"name": "canCloseCurrentRound",
				"line": 418,
				"loc": {
					"start": { "line": 418, "column": 4 },
					"end": { "line": 436, "column": 4 }
				}
			},
			"16": {
				"name": "hasTicketsReadyToBeExercised",
				"line": 440,
				"loc": {
					"start": { "line": 440, "column": 4 },
					"end": { "line": 453, "column": 4 }
				}
			},
			"17": {
				"name": "cumulativePnLBetweenRounds",
				"line": 459,
				"loc": {
					"start": { "line": 459, "column": 4 },
					"end": { "line": 461, "column": 4 }
				}
			},
			"18": {
				"name": "getRoundStartTime",
				"line": 466,
				"loc": {
					"start": { "line": 466, "column": 4 },
					"end": { "line": 468, "column": 4 }
				}
			},
			"19": {
				"name": "getRoundEndTime",
				"line": 473,
				"loc": {
					"start": { "line": 473, "column": 4 },
					"end": { "line": 475, "column": 4 }
				}
			},
			"20": {
				"name": "getTicketRound",
				"line": 480,
				"loc": {
					"start": { "line": 480, "column": 4 },
					"end": { "line": 501, "column": 4 }
				}
			},
			"21": {
				"name": "getUsersCountInCurrentRound",
				"line": 505,
				"loc": {
					"start": { "line": 505, "column": 4 },
					"end": { "line": 507, "column": 4 }
				}
			},
			"22": {
				"name": "getNumberOfTradingTicketsPerRound",
				"line": 511,
				"loc": {
					"start": { "line": 511, "column": 4 },
					"end": { "line": 513, "column": 4 }
				}
			},
			"23": {
				"name": "_depositAsDefault",
				"line": 517,
				"loc": {
					"start": { "line": 517, "column": 4 },
					"end": { "line": 526, "column": 4 }
				}
			},
			"24": {
				"name": "_provideAsDefault",
				"line": 528,
				"loc": {
					"start": { "line": 528, "column": 4 },
					"end": { "line": 537, "column": 4 }
				}
			},
			"25": {
				"name": "_getOrCreateRoundPool",
				"line": 539,
				"loc": {
					"start": { "line": 539, "column": 4 },
					"end": { "line": 562, "column": 4 }
				}
			},
			"26": {
				"name": "setPaused",
				"line": 568,
				"loc": {
					"start": { "line": 568, "column": 4 },
					"end": { "line": 570, "column": 4 }
				}
			},
			"27": {
				"name": "setPoolRoundMastercopy",
				"line": 574,
				"loc": {
					"start": { "line": 574, "column": 4 },
					"end": { "line": 578, "column": 4 }
				}
			},
			"28": {
				"name": "setStakingThales",
				"line": 582,
				"loc": {
					"start": { "line": 582, "column": 4 },
					"end": { "line": 586, "column": 4 }
				}
			},
			"29": {
				"name": "setMaxAllowedDeposit",
				"line": 590,
				"loc": {
					"start": { "line": 590, "column": 4 },
					"end": { "line": 593, "column": 4 }
				}
			},
			"30": {
				"name": "setMinAllowedDeposit",
				"line": 597,
				"loc": {
					"start": { "line": 597, "column": 4 },
					"end": { "line": 600, "column": 4 }
				}
			},
			"31": {
				"name": "setMaxAllowedUsers",
				"line": 604,
				"loc": {
					"start": { "line": 604, "column": 4 },
					"end": { "line": 607, "column": 4 }
				}
			},
			"32": {
				"name": "setSportsAMM",
				"line": 611,
				"loc": {
					"start": { "line": 611, "column": 4 },
					"end": { "line": 619, "column": 4 }
				}
			},
			"33": {
				"name": "setDefaultLiquidityProvider",
				"line": 623,
				"loc": {
					"start": { "line": 623, "column": 4 },
					"end": { "line": 627, "column": 4 }
				}
			},
			"34": {
				"name": "setRoundLength",
				"line": 631,
				"loc": {
					"start": { "line": 631, "column": 4 },
					"end": { "line": 635, "column": 4 }
				}
			},
			"35": {
				"name": "setUtilizationRate",
				"line": 639,
				"loc": {
					"start": { "line": 639, "column": 4 },
					"end": { "line": 642, "column": 4 }
				}
			},
			"36": {
				"name": "setSafeBoxParams",
				"line": 647,
				"loc": {
					"start": { "line": 647, "column": 4 },
					"end": { "line": 651, "column": 4 }
				}
			},
			"37": {
				"name": "canDeposit",
				"line": 655,
				"loc": {
					"start": { "line": 655, "column": 4 },
					"end": { "line": 662, "column": 4 }
				}
			},
			"38": {
				"name": "canWithdraw",
				"line": 664,
				"loc": {
					"start": { "line": 664, "column": 4 },
					"end": { "line": 670, "column": 4 }
				}
			},
			"39": {
				"name": "onlyAMM",
				"line": 672,
				"loc": {
					"start": { "line": 672, "column": 4 },
					"end": { "line": 675, "column": 4 }
				}
			},
			"40": {
				"name": "roundClosingNotPrepared",
				"line": 677,
				"loc": {
					"start": { "line": 677, "column": 4 },
					"end": { "line": 680, "column": 4 }
				}
			}
		},
		"statementMap": {
			"1": {
				"start": { "line": 100, "column": 8 },
				"end": { "line": 100, "column": 30 }
			},
			"2": {
				"start": { "line": 101, "column": 8 },
				"end": { "line": 101, "column": 25 }
			},
			"3": {
				"start": { "line": 114, "column": 8 },
				"end": { "line": 114, "column": 58 }
			},
			"4": {
				"start": { "line": 122, "column": 8 },
				"end": { "line": 122, "column": 50 }
			},
			"5": {
				"start": { "line": 123, "column": 8 },
				"end": { "line": 123, "column": 74 }
			},
			"6": {
				"start": { "line": 128, "column": 8 },
				"end": { "line": 128, "column": 52 }
			},
			"7": {
				"start": { "line": 129, "column": 8 },
				"end": { "line": 129, "column": 105 }
			},
			"8": {
				"start": { "line": 132, "column": 8 },
				"end": { "line": 132, "column": 26 }
			},
			"9": {
				"start": { "line": 138, "column": 8 },
				"end": { "line": 138, "column": 34 }
			},
			"10": {
				"start": { "line": 139, "column": 8 },
				"end": { "line": 139, "column": 60 }
			},
			"11": {
				"start": { "line": 140, "column": 8 },
				"end": { "line": 140, "column": 65 }
			},
			"12": {
				"start": { "line": 142, "column": 8 },
				"end": { "line": 142, "column": 94 }
			},
			"13": {
				"start": { "line": 145, "column": 8 },
				"end": { "line": 145, "column": 4908 }
			},
			"14": {
				"start": { "line": 146, "column": 12 },
				"end": { "line": 146, "column": 89 }
			},
			"15": {
				"start": { "line": 147, "column": 12 },
				"end": { "line": 147, "column": 52 }
			},
			"16": {
				"start": { "line": 156, "column": 8 },
				"end": { "line": 156, "column": 5375 }
			},
			"17": {
				"start": { "line": 157, "column": 12 },
				"end": { "line": 157, "column": 57 }
			},
			"18": {
				"start": { "line": 160, "column": 8 },
				"end": { "line": 160, "column": 49 }
			},
			"19": {
				"start": { "line": 167, "column": 8 },
				"end": { "line": 167, "column": 47 }
			},
			"20": {
				"start": { "line": 168, "column": 8 },
				"end": { "line": 168, "column": 55 }
			},
			"21": {
				"start": { "line": 170, "column": 8 },
				"end": { "line": 170, "column": 49 }
			},
			"22": {
				"start": { "line": 172, "column": 8 },
				"end": { "line": 172, "column": 71 }
			},
			"23": {
				"start": { "line": 173, "column": 8 },
				"end": { "line": 173, "column": 6122 }
			},
			"24": {
				"start": { "line": 174, "column": 12 },
				"end": { "line": 174, "column": 86 }
			},
			"25": {
				"start": { "line": 175, "column": 12 },
				"end": { "line": 175, "column": 6255 }
			},
			"26": {
				"start": { "line": 180, "column": 15 },
				"end": { "line": 180, "column": 6520 }
			},
			"27": {
				"start": { "line": 181, "column": 12 },
				"end": { "line": 181, "column": 71 }
			},
			"28": {
				"start": { "line": 182, "column": 12 },
				"end": { "line": 182, "column": 6636 }
			},
			"29": {
				"start": { "line": 183, "column": 16 },
				"end": { "line": 183, "column": 90 }
			},
			"30": {
				"start": { "line": 185, "column": 16 },
				"end": { "line": 185, "column": 67 }
			},
			"31": {
				"start": { "line": 186, "column": 16 },
				"end": { "line": 186, "column": 90 }
			},
			"32": {
				"start": { "line": 187, "column": 16 },
				"end": { "line": 187, "column": 90 }
			},
			"33": {
				"start": { "line": 190, "column": 12 },
				"end": { "line": 190, "column": 53 }
			},
			"34": {
				"start": { "line": 191, "column": 12 },
				"end": { "line": 191, "column": 36 }
			},
			"35": {
				"start": { "line": 194, "column": 8 },
				"end": { "line": 194, "column": 55 }
			},
			"36": {
				"start": { "line": 201, "column": 8 },
				"end": { "line": 201, "column": 50 }
			},
			"37": {
				"start": { "line": 202, "column": 8 },
				"end": { "line": 202, "column": 117 }
			},
			"38": {
				"start": { "line": 203, "column": 8 },
				"end": { "line": 203, "column": 83 }
			},
			"39": {
				"start": { "line": 204, "column": 8 },
				"end": { "line": 204, "column": 7794 }
			},
			"40": {
				"start": { "line": 211, "column": 8 },
				"end": { "line": 211, "column": 8098 }
			},
			"41": {
				"start": { "line": 219, "column": 8 },
				"end": { "line": 219, "column": 44 }
			},
			"42": {
				"start": { "line": 225, "column": 8 },
				"end": { "line": 225, "column": 111 }
			},
			"43": {
				"start": { "line": 227, "column": 8 },
				"end": { "line": 227, "column": 78 }
			},
			"44": {
				"start": { "line": 228, "column": 8 },
				"end": { "line": 228, "column": 8909 }
			},
			"45": {
				"start": { "line": 236, "column": 8 },
				"end": { "line": 236, "column": 44 }
			},
			"46": {
				"start": { "line": 241, "column": 8 },
				"end": { "line": 241, "column": 67 }
			},
			"47": {
				"start": { "line": 243, "column": 8 },
				"end": { "line": 243, "column": 42 }
			},
			"48": {
				"start": { "line": 245, "column": 8 },
				"end": { "line": 245, "column": 45 }
			},
			"49": {
				"start": { "line": 247, "column": 8 },
				"end": { "line": 247, "column": 61 }
			},
			"50": {
				"start": { "line": 250, "column": 8 },
				"end": { "line": 250, "column": 9835 }
			},
			"51": {
				"start": { "line": 251, "column": 12 },
				"end": { "line": 251, "column": 101 }
			},
			"52": {
				"start": { "line": 252, "column": 12 },
				"end": { "line": 252, "column": 73 }
			},
			"53": {
				"start": { "line": 254, "column": 12 },
				"end": { "line": 254, "column": 63 }
			},
			"54": {
				"start": { "line": 260, "column": 8 },
				"end": { "line": 260, "column": 10281 }
			},
			"55": {
				"start": { "line": 268, "column": 8 },
				"end": { "line": 268, "column": 40 }
			},
			"56": {
				"start": { "line": 274, "column": 8 },
				"end": { "line": 274, "column": 66 }
			},
			"57": {
				"start": { "line": 275, "column": 8 },
				"end": { "line": 275, "column": 98 }
			},
			"58": {
				"start": { "line": 276, "column": 8 },
				"end": { "line": 276, "column": 69 }
			},
			"59": {
				"start": { "line": 278, "column": 8 },
				"end": { "line": 278, "column": 45 }
			},
			"60": {
				"start": { "line": 280, "column": 8 },
				"end": { "line": 280, "column": 59 }
			},
			"61": {
				"start": { "line": 281, "column": 8 },
				"end": { "line": 281, "column": 11153 }
			},
			"62": {
				"start": { "line": 285, "column": 8 },
				"end": { "line": 285, "column": 11272 }
			},
			"63": {
				"start": { "line": 286, "column": 12 },
				"end": { "line": 286, "column": 50 }
			},
			"64": {
				"start": { "line": 287, "column": 12 },
				"end": { "line": 287, "column": 108 }
			},
			"65": {
				"start": { "line": 288, "column": 12 },
				"end": { "line": 288, "column": 11509 }
			},
			"66": {
				"start": { "line": 290, "column": 16 },
				"end": { "line": 290, "column": 50 }
			},
			"67": {
				"start": { "line": 291, "column": 16 },
				"end": { "line": 291, "column": 11764 }
			},
			"68": {
				"start": { "line": 292, "column": 20 },
				"end": { "line": 292, "column": 73 }
			},
			"69": {
				"start": { "line": 295, "column": 16 },
				"end": { "line": 295, "column": 11939 }
			},
			"70": {
				"start": { "line": 296, "column": 20 },
				"end": { "line": 296, "column": 93 }
			},
			"71": {
				"start": { "line": 297, "column": 20 },
				"end": { "line": 297, "column": 78 }
			},
			"72": {
				"start": { "line": 298, "column": 20 },
				"end": { "line": 298, "column": 53 }
			},
			"73": {
				"start": { "line": 301, "column": 20 },
				"end": { "line": 301, "column": 54 }
			},
			"74": {
				"start": { "line": 305, "column": 20 },
				"end": { "line": 305, "column": 85 }
			},
			"75": {
				"start": { "line": 307, "column": 20 },
				"end": { "line": 307, "column": 60 }
			},
			"76": {
				"start": { "line": 313, "column": 8 },
				"end": { "line": 313, "column": 58 }
			},
			"77": {
				"start": { "line": 318, "column": 8 },
				"end": { "line": 318, "column": 66 }
			},
			"78": {
				"start": { "line": 319, "column": 8 },
				"end": { "line": 319, "column": 99 }
			},
			"79": {
				"start": { "line": 323, "column": 8 },
				"end": { "line": 323, "column": 45 }
			},
			"80": {
				"start": { "line": 326, "column": 8 },
				"end": { "line": 326, "column": 13416 }
			},
			"81": {
				"start": { "line": 327, "column": 12 },
				"end": { "line": 327, "column": 13500 }
			},
			"82": {
				"start": { "line": 329, "column": 12 },
				"end": { "line": 329, "column": 97 }
			},
			"83": {
				"start": { "line": 330, "column": 12 },
				"end": { "line": 330, "column": 72 }
			},
			"84": {
				"start": { "line": 333, "column": 8 },
				"end": { "line": 333, "column": 13816 }
			},
			"85": {
				"start": { "line": 347, "column": 8 },
				"end": { "line": 347, "column": 64 }
			},
			"86": {
				"start": { "line": 349, "column": 8 },
				"end": { "line": 349, "column": 97 }
			},
			"87": {
				"start": { "line": 353, "column": 8 },
				"end": { "line": 353, "column": 69 }
			},
			"88": {
				"start": { "line": 358, "column": 8 },
				"end": { "line": 358, "column": 21 }
			},
			"89": {
				"start": { "line": 359, "column": 8 },
				"end": { "line": 359, "column": 29 }
			},
			"90": {
				"start": { "line": 360, "column": 8 },
				"end": { "line": 360, "column": 14845 }
			},
			"91": {
				"start": { "line": 362, "column": 12 },
				"end": { "line": 362, "column": 14989 }
			},
			"92": {
				"start": { "line": 364, "column": 16 },
				"end": { "line": 364, "column": 15117 }
			},
			"93": {
				"start": { "line": 365, "column": 20 },
				"end": { "line": 365, "column": 58 }
			},
			"94": {
				"start": { "line": 367, "column": 16 },
				"end": { "line": 367, "column": 15277 }
			},
			"95": {
				"start": { "line": 379, "column": 8 },
				"end": { "line": 379, "column": 69 }
			},
			"96": {
				"start": { "line": 380, "column": 8 },
				"end": { "line": 380, "column": 22 }
			},
			"97": {
				"start": { "line": 381, "column": 8 },
				"end": { "line": 381, "column": 21 }
			},
			"98": {
				"start": { "line": 382, "column": 8 },
				"end": { "line": 382, "column": 15889 }
			},
			"99": {
				"start": { "line": 383, "column": 12 },
				"end": { "line": 383, "column": 42 }
			},
			"100": {
				"start": { "line": 384, "column": 12 },
				"end": { "line": 384, "column": 68 }
			},
			"101": {
				"start": { "line": 385, "column": 12 },
				"end": { "line": 385, "column": 16085 }
			},
			"102": {
				"start": { "line": 387, "column": 16 },
				"end": { "line": 387, "column": 16213 }
			},
			"103": {
				"start": { "line": 388, "column": 20 },
				"end": { "line": 388, "column": 58 }
			},
			"104": {
				"start": { "line": 390, "column": 16 },
				"end": { "line": 390, "column": 16373 }
			},
			"105": {
				"start": { "line": 419, "column": 8 },
				"end": { "line": 419, "column": 17514 }
			},
			"106": {
				"start": { "line": 420, "column": 12 },
				"end": { "line": 420, "column": 24 }
			},
			"107": {
				"start": { "line": 435, "column": 8 },
				"end": { "line": 435, "column": 19 }
			},
			"108": {
				"start": { "line": 441, "column": 8 },
				"end": { "line": 441, "column": 21 }
			},
			"109": {
				"start": { "line": 442, "column": 8 },
				"end": { "line": 442, "column": 29 }
			},
			"110": {
				"start": { "line": 443, "column": 8 },
				"end": { "line": 443, "column": 18416 }
			},
			"111": {
				"start": { "line": 445, "column": 12 },
				"end": { "line": 445, "column": 18560 }
			},
			"112": {
				"start": { "line": 447, "column": 16 },
				"end": { "line": 447, "column": 18688 }
			},
			"113": {
				"start": { "line": 448, "column": 20 },
				"end": { "line": 448, "column": 31 }
			},
			"114": {
				"start": { "line": 452, "column": 8 },
				"end": { "line": 452, "column": 20 }
			},
			"115": {
				"start": { "line": 460, "column": 8 },
				"end": { "line": 460, "column": 117 }
			},
			"116": {
				"start": { "line": 467, "column": 8 },
				"end": { "line": 467, "column": 63 }
			},
			"117": {
				"start": { "line": 474, "column": 8 },
				"end": { "line": 474, "column": 63 }
			},
			"118": {
				"start": { "line": 482, "column": 8 },
				"end": { "line": 482, "column": 20112 }
			},
			"119": {
				"start": { "line": 483, "column": 12 },
				"end": { "line": 483, "column": 43 }
			},
			"120": {
				"start": { "line": 484, "column": 12 },
				"end": { "line": 484, "column": 25 }
			},
			"121": {
				"start": { "line": 485, "column": 12 },
				"end": { "line": 485, "column": 20224 }
			},
			"122": {
				"start": { "line": 487, "column": 16 },
				"end": { "line": 487, "column": 20359 }
			},
			"123": {
				"start": { "line": 488, "column": 20 },
				"end": { "line": 488, "column": 20421 }
			},
			"124": {
				"start": { "line": 491, "column": 24 },
				"end": { "line": 491, "column": 20582 }
			},
			"125": {
				"start": { "line": 506, "column": 8 },
				"end": { "line": 506, "column": 42 }
			},
			"126": {
				"start": { "line": 518, "column": 8 },
				"end": { "line": 518, "column": 76 }
			},
			"127": {
				"start": { "line": 520, "column": 8 },
				"end": { "line": 520, "column": 81 }
			},
			"128": {
				"start": { "line": 525, "column": 8 },
				"end": { "line": 525, "column": 65 }
			},
			"129": {
				"start": { "line": 529, "column": 8 },
				"end": { "line": 529, "column": 76 }
			},
			"130": {
				"start": { "line": 531, "column": 8 },
				"end": { "line": 531, "column": 89 }
			},
			"131": {
				"start": { "line": 536, "column": 8 },
				"end": { "line": 536, "column": 60 }
			},
			"132": {
				"start": { "line": 541, "column": 8 },
				"end": { "line": 541, "column": 22464 }
			},
			"133": {
				"start": { "line": 542, "column": 12 },
				"end": { "line": 542, "column": 22511 }
			},
			"134": {
				"start": { "line": 546, "column": 16 },
				"end": { "line": 546, "column": 90 }
			},
			"135": {
				"start": { "line": 547, "column": 16 },
				"end": { "line": 547, "column": 22782 }
			},
			"136": {
				"start": { "line": 550, "column": 16 },
				"end": { "line": 550, "column": 22946 }
			},
			"137": {
				"start": { "line": 559, "column": 16 },
				"end": { "line": 559, "column": 56 }
			},
			"138": {
				"start": { "line": 575, "column": 8 },
				"end": { "line": 575, "column": 81 }
			},
			"139": {
				"start": { "line": 577, "column": 8 },
				"end": { "line": 577, "column": 60 }
			},
			"140": {
				"start": { "line": 583, "column": 8 },
				"end": { "line": 583, "column": 84 }
			},
			"141": {
				"start": { "line": 585, "column": 8 },
				"end": { "line": 585, "column": 58 }
			},
			"142": {
				"start": { "line": 592, "column": 8 },
				"end": { "line": 592, "column": 57 }
			},
			"143": {
				"start": { "line": 599, "column": 8 },
				"end": { "line": 599, "column": 56 }
			},
			"144": {
				"start": { "line": 606, "column": 8 },
				"end": { "line": 606, "column": 53 }
			},
			"145": {
				"start": { "line": 612, "column": 8 },
				"end": { "line": 612, "column": 80 }
			},
			"146": {
				"start": { "line": 613, "column": 8 },
				"end": { "line": 613, "column": 25422 }
			},
			"147": {
				"start": { "line": 614, "column": 12 },
				"end": { "line": 614, "column": 52 }
			},
			"148": {
				"start": { "line": 617, "column": 8 },
				"end": { "line": 617, "column": 59 }
			},
			"149": {
				"start": { "line": 618, "column": 8 },
				"end": { "line": 618, "column": 49 }
			},
			"150": {
				"start": { "line": 624, "column": 8 },
				"end": { "line": 624, "column": 86 }
			},
			"151": {
				"start": { "line": 626, "column": 8 },
				"end": { "line": 626, "column": 71 }
			},
			"152": {
				"start": { "line": 632, "column": 8 },
				"end": { "line": 632, "column": 65 }
			},
			"153": {
				"start": { "line": 634, "column": 8 },
				"end": { "line": 634, "column": 45 }
			},
			"154": {
				"start": { "line": 641, "column": 8 },
				"end": { "line": 641, "column": 53 }
			},
			"155": {
				"start": { "line": 650, "column": 8 },
				"end": { "line": 650, "column": 55 }
			},
			"156": {
				"start": { "line": 656, "column": 8 },
				"end": { "line": 656, "column": 91 }
			},
			"157": {
				"start": { "line": 657, "column": 8 },
				"end": { "line": 657, "column": 97 }
			},
			"158": {
				"start": { "line": 658, "column": 8 },
				"end": { "line": 658, "column": 27423 }
			},
			"159": {
				"start": { "line": 659, "column": 12 },
				"end": { "line": 659, "column": 83 }
			},
			"160": {
				"start": { "line": 665, "column": 8 },
				"end": { "line": 665, "column": 47 }
			},
			"161": {
				"start": { "line": 666, "column": 8 },
				"end": { "line": 666, "column": 80 }
			},
			"162": {
				"start": { "line": 667, "column": 8 },
				"end": { "line": 667, "column": 78 }
			},
			"163": {
				"start": { "line": 668, "column": 8 },
				"end": { "line": 668, "column": 118 }
			},
			"164": {
				"start": { "line": 673, "column": 8 },
				"end": { "line": 673, "column": 90 }
			},
			"165": {
				"start": { "line": 678, "column": 8 },
				"end": { "line": 678, "column": 80 }
			}
		},
		"branchMap": {
			"1": {
				"line": 99,
				"type": "if",
				"locations": [
					{
						"start": { "line": 99, "column": 61 },
						"end": { "line": 99, "column": 61 }
					},
					{
						"start": { "line": 99, "column": 61 },
						"end": { "line": 99, "column": 61 }
					}
				]
			},
			"2": {
				"line": 121,
				"type": "if",
				"locations": [
					{
						"start": { "line": 121, "column": 30 },
						"end": { "line": 121, "column": 30 }
					},
					{
						"start": { "line": 121, "column": 30 },
						"end": { "line": 121, "column": 30 }
					}
				]
			},
			"3": {
				"line": 122,
				"type": "if",
				"locations": [
					{
						"start": { "line": 122, "column": 8 },
						"end": { "line": 122, "column": 8 }
					},
					{
						"start": { "line": 122, "column": 8 },
						"end": { "line": 122, "column": 8 }
					}
				]
			},
			"4": {
				"line": 123,
				"type": "if",
				"locations": [
					{
						"start": { "line": 123, "column": 8 },
						"end": { "line": 123, "column": 8 }
					},
					{
						"start": { "line": 123, "column": 8 },
						"end": { "line": 123, "column": 8 }
					}
				]
			},
			"5": {
				"line": 137,
				"type": "if",
				"locations": [
					{
						"start": { "line": 137, "column": 43 },
						"end": { "line": 137, "column": 43 }
					},
					{
						"start": { "line": 137, "column": 43 },
						"end": { "line": 137, "column": 43 }
					}
				]
			},
			"6": {
				"line": 137,
				"type": "if",
				"locations": [
					{
						"start": { "line": 137, "column": 62 },
						"end": { "line": 137, "column": 62 }
					},
					{
						"start": { "line": 137, "column": 62 },
						"end": { "line": 137, "column": 62 }
					}
				]
			},
			"7": {
				"line": 137,
				"type": "if",
				"locations": [
					{
						"start": { "line": 137, "column": 75 },
						"end": { "line": 137, "column": 75 }
					},
					{
						"start": { "line": 137, "column": 75 },
						"end": { "line": 137, "column": 75 }
					}
				]
			},
			"8": {
				"line": 137,
				"type": "if",
				"locations": [
					{
						"start": { "line": 137, "column": 89 },
						"end": { "line": 137, "column": 89 }
					},
					{
						"start": { "line": 137, "column": 89 },
						"end": { "line": 137, "column": 89 }
					}
				]
			},
			"9": {
				"line": 142,
				"type": "if",
				"locations": [
					{
						"start": { "line": 142, "column": 8 },
						"end": { "line": 142, "column": 8 }
					},
					{
						"start": { "line": 142, "column": 8 },
						"end": { "line": 142, "column": 8 }
					}
				]
			},
			"10": {
				"line": 145,
				"type": "if",
				"locations": [
					{
						"start": { "line": 145, "column": 8 },
						"end": { "line": 145, "column": 8 }
					},
					{
						"start": { "line": 145, "column": 8 },
						"end": { "line": 145, "column": 8 }
					}
				]
			},
			"11": {
				"line": 146,
				"type": "if",
				"locations": [
					{
						"start": { "line": 146, "column": 12 },
						"end": { "line": 146, "column": 12 }
					},
					{
						"start": { "line": 146, "column": 12 },
						"end": { "line": 146, "column": 12 }
					}
				]
			},
			"12": {
				"line": 156,
				"type": "if",
				"locations": [
					{
						"start": { "line": 156, "column": 8 },
						"end": { "line": 156, "column": 8 }
					},
					{
						"start": { "line": 156, "column": 8 },
						"end": { "line": 156, "column": 8 }
					}
				]
			},
			"13": {
				"line": 166,
				"type": "if",
				"locations": [
					{
						"start": { "line": 166, "column": 63 },
						"end": { "line": 166, "column": 63 }
					},
					{
						"start": { "line": 166, "column": 63 },
						"end": { "line": 166, "column": 63 }
					}
				]
			},
			"14": {
				"line": 166,
				"type": "if",
				"locations": [
					{
						"start": { "line": 166, "column": 76 },
						"end": { "line": 166, "column": 76 }
					},
					{
						"start": { "line": 166, "column": 76 },
						"end": { "line": 166, "column": 76 }
					}
				]
			},
			"15": {
				"line": 166,
				"type": "if",
				"locations": [
					{
						"start": { "line": 166, "column": 90 },
						"end": { "line": 166, "column": 90 }
					},
					{
						"start": { "line": 166, "column": 90 },
						"end": { "line": 166, "column": 90 }
					}
				]
			},
			"16": {
				"line": 166,
				"type": "if",
				"locations": [
					{
						"start": { "line": 166, "column": 98 },
						"end": { "line": 166, "column": 98 }
					},
					{
						"start": { "line": 166, "column": 98 },
						"end": { "line": 166, "column": 98 }
					}
				]
			},
			"17": {
				"line": 167,
				"type": "if",
				"locations": [
					{
						"start": { "line": 167, "column": 8 },
						"end": { "line": 167, "column": 8 }
					},
					{
						"start": { "line": 167, "column": 8 },
						"end": { "line": 167, "column": 8 }
					}
				]
			},
			"18": {
				"line": 168,
				"type": "if",
				"locations": [
					{
						"start": { "line": 168, "column": 8 },
						"end": { "line": 168, "column": 8 }
					},
					{
						"start": { "line": 168, "column": 8 },
						"end": { "line": 168, "column": 8 }
					}
				]
			},
			"19": {
				"line": 173,
				"type": "if",
				"locations": [
					{
						"start": { "line": 173, "column": 8 },
						"end": { "line": 173, "column": 8 }
					},
					{
						"start": { "line": 173, "column": 8 },
						"end": { "line": 173, "column": 8 }
					}
				]
			},
			"20": {
				"line": 175,
				"type": "if",
				"locations": [
					{
						"start": { "line": 175, "column": 12 },
						"end": { "line": 175, "column": 12 }
					},
					{
						"start": { "line": 175, "column": 12 },
						"end": { "line": 175, "column": 12 }
					}
				]
			},
			"21": {
				"line": 180,
				"type": "if",
				"locations": [
					{
						"start": { "line": 180, "column": 15 },
						"end": { "line": 180, "column": 15 }
					},
					{
						"start": { "line": 180, "column": 15 },
						"end": { "line": 180, "column": 15 }
					}
				]
			},
			"22": {
				"line": 182,
				"type": "if",
				"locations": [
					{
						"start": { "line": 182, "column": 12 },
						"end": { "line": 182, "column": 12 }
					},
					{
						"start": { "line": 182, "column": 12 },
						"end": { "line": 182, "column": 12 }
					}
				]
			},
			"23": {
				"line": 190,
				"type": "if",
				"locations": [
					{
						"start": { "line": 190, "column": 12 },
						"end": { "line": 190, "column": 12 }
					},
					{
						"start": { "line": 190, "column": 12 },
						"end": { "line": 190, "column": 12 }
					}
				]
			},
			"24": {
				"line": 200,
				"type": "if",
				"locations": [
					{
						"start": { "line": 200, "column": 68 },
						"end": { "line": 200, "column": 68 }
					},
					{
						"start": { "line": 200, "column": 68 },
						"end": { "line": 200, "column": 68 }
					}
				]
			},
			"25": {
				"line": 200,
				"type": "if",
				"locations": [
					{
						"start": { "line": 200, "column": 82 },
						"end": { "line": 200, "column": 82 }
					},
					{
						"start": { "line": 200, "column": 82 },
						"end": { "line": 200, "column": 82 }
					}
				]
			},
			"26": {
				"line": 200,
				"type": "if",
				"locations": [
					{
						"start": { "line": 200, "column": 106 },
						"end": { "line": 200, "column": 106 }
					},
					{
						"start": { "line": 200, "column": 106 },
						"end": { "line": 200, "column": 106 }
					}
				]
			},
			"27": {
				"line": 202,
				"type": "if",
				"locations": [
					{
						"start": { "line": 202, "column": 56 },
						"end": { "line": 202, "column": 79 }
					},
					{
						"start": { "line": 202, "column": 83 },
						"end": { "line": 202, "column": 116 }
					}
				]
			},
			"28": {
				"line": 204,
				"type": "if",
				"locations": [
					{
						"start": { "line": 204, "column": 8 },
						"end": { "line": 204, "column": 8 }
					},
					{
						"start": { "line": 204, "column": 8 },
						"end": { "line": 204, "column": 8 }
					}
				]
			},
			"29": {
				"line": 210,
				"type": "if",
				"locations": [
					{
						"start": { "line": 210, "column": 42 },
						"end": { "line": 210, "column": 42 }
					},
					{
						"start": { "line": 210, "column": 42 },
						"end": { "line": 210, "column": 42 }
					}
				]
			},
			"30": {
				"line": 210,
				"type": "if",
				"locations": [
					{
						"start": { "line": 210, "column": 55 },
						"end": { "line": 210, "column": 55 }
					},
					{
						"start": { "line": 210, "column": 55 },
						"end": { "line": 210, "column": 55 }
					}
				]
			},
			"31": {
				"line": 210,
				"type": "if",
				"locations": [
					{
						"start": { "line": 210, "column": 67 },
						"end": { "line": 210, "column": 67 }
					},
					{
						"start": { "line": 210, "column": 67 },
						"end": { "line": 210, "column": 67 }
					}
				]
			},
			"32": {
				"line": 210,
				"type": "if",
				"locations": [
					{
						"start": { "line": 210, "column": 81 },
						"end": { "line": 210, "column": 81 }
					},
					{
						"start": { "line": 210, "column": 81 },
						"end": { "line": 210, "column": 81 }
					}
				]
			},
			"33": {
				"line": 211,
				"type": "if",
				"locations": [
					{
						"start": { "line": 211, "column": 8 },
						"end": { "line": 211, "column": 8 }
					},
					{
						"start": { "line": 211, "column": 8 },
						"end": { "line": 211, "column": 8 }
					}
				]
			},
			"34": {
				"line": 224,
				"type": "if",
				"locations": [
					{
						"start": { "line": 224, "column": 60 },
						"end": { "line": 224, "column": 60 }
					},
					{
						"start": { "line": 224, "column": 60 },
						"end": { "line": 224, "column": 60 }
					}
				]
			},
			"35": {
				"line": 224,
				"type": "if",
				"locations": [
					{
						"start": { "line": 224, "column": 73 },
						"end": { "line": 224, "column": 73 }
					},
					{
						"start": { "line": 224, "column": 73 },
						"end": { "line": 224, "column": 73 }
					}
				]
			},
			"36": {
				"line": 224,
				"type": "if",
				"locations": [
					{
						"start": { "line": 224, "column": 85 },
						"end": { "line": 224, "column": 85 }
					},
					{
						"start": { "line": 224, "column": 85 },
						"end": { "line": 224, "column": 85 }
					}
				]
			},
			"37": {
				"line": 224,
				"type": "if",
				"locations": [
					{
						"start": { "line": 224, "column": 99 },
						"end": { "line": 224, "column": 99 }
					},
					{
						"start": { "line": 224, "column": 99 },
						"end": { "line": 224, "column": 99 }
					}
				]
			},
			"38": {
				"line": 225,
				"type": "if",
				"locations": [
					{
						"start": { "line": 225, "column": 8 },
						"end": { "line": 225, "column": 8 }
					},
					{
						"start": { "line": 225, "column": 8 },
						"end": { "line": 225, "column": 8 }
					}
				]
			},
			"39": {
				"line": 228,
				"type": "if",
				"locations": [
					{
						"start": { "line": 228, "column": 8 },
						"end": { "line": 228, "column": 8 }
					},
					{
						"start": { "line": 228, "column": 8 },
						"end": { "line": 228, "column": 8 }
					}
				]
			},
			"40": {
				"line": 240,
				"type": "if",
				"locations": [
					{
						"start": { "line": 240, "column": 44 },
						"end": { "line": 240, "column": 44 }
					},
					{
						"start": { "line": 240, "column": 44 },
						"end": { "line": 240, "column": 44 }
					}
				]
			},
			"41": {
				"line": 240,
				"type": "if",
				"locations": [
					{
						"start": { "line": 240, "column": 57 },
						"end": { "line": 240, "column": 57 }
					},
					{
						"start": { "line": 240, "column": 57 },
						"end": { "line": 240, "column": 57 }
					}
				]
			},
			"42": {
				"line": 240,
				"type": "if",
				"locations": [
					{
						"start": { "line": 240, "column": 71 },
						"end": { "line": 240, "column": 71 }
					},
					{
						"start": { "line": 240, "column": 71 },
						"end": { "line": 240, "column": 71 }
					}
				]
			},
			"43": {
				"line": 241,
				"type": "if",
				"locations": [
					{
						"start": { "line": 241, "column": 8 },
						"end": { "line": 241, "column": 8 }
					},
					{
						"start": { "line": 241, "column": 8 },
						"end": { "line": 241, "column": 8 }
					}
				]
			},
			"44": {
				"line": 250,
				"type": "if",
				"locations": [
					{
						"start": { "line": 250, "column": 8 },
						"end": { "line": 250, "column": 8 }
					},
					{
						"start": { "line": 250, "column": 8 },
						"end": { "line": 250, "column": 8 }
					}
				]
			},
			"45": {
				"line": 260,
				"type": "if",
				"locations": [
					{
						"start": { "line": 260, "column": 8 },
						"end": { "line": 260, "column": 8 }
					},
					{
						"start": { "line": 260, "column": 8 },
						"end": { "line": 260, "column": 8 }
					}
				]
			},
			"46": {
				"line": 273,
				"type": "if",
				"locations": [
					{
						"start": { "line": 273, "column": 64 },
						"end": { "line": 273, "column": 64 }
					},
					{
						"start": { "line": 273, "column": 64 },
						"end": { "line": 273, "column": 64 }
					}
				]
			},
			"47": {
				"line": 273,
				"type": "if",
				"locations": [
					{
						"start": { "line": 273, "column": 77 },
						"end": { "line": 273, "column": 77 }
					},
					{
						"start": { "line": 273, "column": 77 },
						"end": { "line": 273, "column": 77 }
					}
				]
			},
			"48": {
				"line": 274,
				"type": "if",
				"locations": [
					{
						"start": { "line": 274, "column": 8 },
						"end": { "line": 274, "column": 8 }
					},
					{
						"start": { "line": 274, "column": 8 },
						"end": { "line": 274, "column": 8 }
					}
				]
			},
			"49": {
				"line": 275,
				"type": "if",
				"locations": [
					{
						"start": { "line": 275, "column": 8 },
						"end": { "line": 275, "column": 8 }
					},
					{
						"start": { "line": 275, "column": 8 },
						"end": { "line": 275, "column": 8 }
					}
				]
			},
			"50": {
				"line": 276,
				"type": "if",
				"locations": [
					{
						"start": { "line": 276, "column": 8 },
						"end": { "line": 276, "column": 8 }
					},
					{
						"start": { "line": 276, "column": 8 },
						"end": { "line": 276, "column": 8 }
					}
				]
			},
			"51": {
				"line": 281,
				"type": "if",
				"locations": [
					{
						"start": { "line": 281, "column": 8 },
						"end": { "line": 281, "column": 8 }
					},
					{
						"start": { "line": 281, "column": 8 },
						"end": { "line": 281, "column": 8 }
					}
				]
			},
			"52": {
				"line": 288,
				"type": "if",
				"locations": [
					{
						"start": { "line": 288, "column": 12 },
						"end": { "line": 288, "column": 12 }
					},
					{
						"start": { "line": 288, "column": 12 },
						"end": { "line": 288, "column": 12 }
					}
				]
			},
			"53": {
				"line": 291,
				"type": "if",
				"locations": [
					{
						"start": { "line": 291, "column": 16 },
						"end": { "line": 291, "column": 16 }
					},
					{
						"start": { "line": 291, "column": 16 },
						"end": { "line": 291, "column": 16 }
					}
				]
			},
			"54": {
				"line": 295,
				"type": "if",
				"locations": [
					{
						"start": { "line": 295, "column": 16 },
						"end": { "line": 295, "column": 16 }
					},
					{
						"start": { "line": 295, "column": 16 },
						"end": { "line": 295, "column": 16 }
					}
				]
			},
			"55": {
				"line": 317,
				"type": "if",
				"locations": [
					{
						"start": { "line": 317, "column": 35 },
						"end": { "line": 317, "column": 35 }
					},
					{
						"start": { "line": 317, "column": 35 },
						"end": { "line": 317, "column": 35 }
					}
				]
			},
			"56": {
				"line": 317,
				"type": "if",
				"locations": [
					{
						"start": { "line": 317, "column": 48 },
						"end": { "line": 317, "column": 48 }
					},
					{
						"start": { "line": 317, "column": 48 },
						"end": { "line": 317, "column": 48 }
					}
				]
			},
			"57": {
				"line": 318,
				"type": "if",
				"locations": [
					{
						"start": { "line": 318, "column": 8 },
						"end": { "line": 318, "column": 8 }
					},
					{
						"start": { "line": 318, "column": 8 },
						"end": { "line": 318, "column": 8 }
					}
				]
			},
			"58": {
				"line": 319,
				"type": "if",
				"locations": [
					{
						"start": { "line": 319, "column": 8 },
						"end": { "line": 319, "column": 8 }
					},
					{
						"start": { "line": 319, "column": 8 },
						"end": { "line": 319, "column": 8 }
					}
				]
			},
			"59": {
				"line": 326,
				"type": "if",
				"locations": [
					{
						"start": { "line": 326, "column": 8 },
						"end": { "line": 326, "column": 8 }
					},
					{
						"start": { "line": 326, "column": 8 },
						"end": { "line": 326, "column": 8 }
					}
				]
			},
			"60": {
				"line": 333,
				"type": "if",
				"locations": [
					{
						"start": { "line": 333, "column": 8 },
						"end": { "line": 333, "column": 8 }
					},
					{
						"start": { "line": 333, "column": 8 },
						"end": { "line": 333, "column": 8 }
					}
				]
			},
			"61": {
				"line": 357,
				"type": "if",
				"locations": [
					{
						"start": { "line": 357, "column": 56 },
						"end": { "line": 357, "column": 56 }
					},
					{
						"start": { "line": 357, "column": 56 },
						"end": { "line": 357, "column": 56 }
					}
				]
			},
			"62": {
				"line": 362,
				"type": "if",
				"locations": [
					{
						"start": { "line": 362, "column": 12 },
						"end": { "line": 362, "column": 12 }
					},
					{
						"start": { "line": 362, "column": 12 },
						"end": { "line": 362, "column": 12 }
					}
				]
			},
			"63": {
				"line": 364,
				"type": "if",
				"locations": [
					{
						"start": { "line": 364, "column": 16 },
						"end": { "line": 364, "column": 16 }
					},
					{
						"start": { "line": 364, "column": 16 },
						"end": { "line": 364, "column": 16 }
					}
				]
			},
			"64": {
				"line": 367,
				"type": "if",
				"locations": [
					{
						"start": { "line": 367, "column": 16 },
						"end": { "line": 367, "column": 16 }
					},
					{
						"start": { "line": 367, "column": 16 },
						"end": { "line": 367, "column": 16 }
					}
				]
			},
			"65": {
				"line": 367,
				"type": "cond-expr",
				"locations": [
					{
						"start": { "line": 367, "column": 20 },
						"end": { "line": 367, "column": 43 }
					},
					{
						"start": { "line": 367, "column": 48 },
						"end": { "line": 367, "column": 64 }
					}
				]
			},
			"66": {
				"line": 378,
				"type": "if",
				"locations": [
					{
						"start": { "line": 378, "column": 15 },
						"end": { "line": 378, "column": 15 }
					},
					{
						"start": { "line": 378, "column": 15 },
						"end": { "line": 378, "column": 15 }
					}
				]
			},
			"67": {
				"line": 378,
				"type": "if",
				"locations": [
					{
						"start": { "line": 378, "column": 28 },
						"end": { "line": 378, "column": 28 }
					},
					{
						"start": { "line": 378, "column": 28 },
						"end": { "line": 378, "column": 28 }
					}
				]
			},
			"68": {
				"line": 378,
				"type": "if",
				"locations": [
					{
						"start": { "line": 378, "column": 42 },
						"end": { "line": 378, "column": 42 }
					},
					{
						"start": { "line": 378, "column": 42 },
						"end": { "line": 378, "column": 42 }
					}
				]
			},
			"69": {
				"line": 379,
				"type": "if",
				"locations": [
					{
						"start": { "line": 379, "column": 8 },
						"end": { "line": 379, "column": 8 }
					},
					{
						"start": { "line": 379, "column": 8 },
						"end": { "line": 379, "column": 8 }
					}
				]
			},
			"70": {
				"line": 383,
				"type": "if",
				"locations": [
					{
						"start": { "line": 383, "column": 12 },
						"end": { "line": 383, "column": 12 }
					},
					{
						"start": { "line": 383, "column": 12 },
						"end": { "line": 383, "column": 12 }
					}
				]
			},
			"71": {
				"line": 385,
				"type": "if",
				"locations": [
					{
						"start": { "line": 385, "column": 12 },
						"end": { "line": 385, "column": 12 }
					},
					{
						"start": { "line": 385, "column": 12 },
						"end": { "line": 385, "column": 12 }
					}
				]
			},
			"72": {
				"line": 387,
				"type": "if",
				"locations": [
					{
						"start": { "line": 387, "column": 16 },
						"end": { "line": 387, "column": 16 }
					},
					{
						"start": { "line": 387, "column": 16 },
						"end": { "line": 387, "column": 16 }
					}
				]
			},
			"73": {
				"line": 390,
				"type": "if",
				"locations": [
					{
						"start": { "line": 390, "column": 16 },
						"end": { "line": 390, "column": 16 }
					},
					{
						"start": { "line": 390, "column": 16 },
						"end": { "line": 390, "column": 16 }
					}
				]
			},
			"74": {
				"line": 390,
				"type": "cond-expr",
				"locations": [
					{
						"start": { "line": 390, "column": 20 },
						"end": { "line": 390, "column": 43 }
					},
					{
						"start": { "line": 390, "column": 48 },
						"end": { "line": 390, "column": 64 }
					}
				]
			},
			"75": {
				"line": 419,
				"type": "if",
				"locations": [
					{
						"start": { "line": 419, "column": 8 },
						"end": { "line": 419, "column": 8 }
					},
					{
						"start": { "line": 419, "column": 8 },
						"end": { "line": 419, "column": 8 }
					}
				]
			},
			"76": {
				"line": 419,
				"type": "cond-expr",
				"locations": [
					{
						"start": { "line": 419, "column": 12 },
						"end": { "line": 419, "column": 19 }
					},
					{
						"start": { "line": 419, "column": 24 },
						"end": { "line": 419, "column": 63 }
					}
				]
			},
			"77": {
				"line": 445,
				"type": "if",
				"locations": [
					{
						"start": { "line": 445, "column": 12 },
						"end": { "line": 445, "column": 12 }
					},
					{
						"start": { "line": 445, "column": 12 },
						"end": { "line": 445, "column": 12 }
					}
				]
			},
			"78": {
				"line": 447,
				"type": "if",
				"locations": [
					{
						"start": { "line": 447, "column": 16 },
						"end": { "line": 447, "column": 16 }
					},
					{
						"start": { "line": 447, "column": 16 },
						"end": { "line": 447, "column": 16 }
					}
				]
			},
			"79": {
				"line": 482,
				"type": "if",
				"locations": [
					{
						"start": { "line": 482, "column": 8 },
						"end": { "line": 482, "column": 8 }
					},
					{
						"start": { "line": 482, "column": 8 },
						"end": { "line": 482, "column": 8 }
					}
				]
			},
			"80": {
				"line": 487,
				"type": "if",
				"locations": [
					{
						"start": { "line": 487, "column": 16 },
						"end": { "line": 487, "column": 16 }
					},
					{
						"start": { "line": 487, "column": 16 },
						"end": { "line": 487, "column": 16 }
					}
				]
			},
			"81": {
				"line": 488,
				"type": "if",
				"locations": [
					{
						"start": { "line": 488, "column": 20 },
						"end": { "line": 488, "column": 20 }
					},
					{
						"start": { "line": 488, "column": 20 },
						"end": { "line": 488, "column": 20 }
					}
				]
			},
			"82": {
				"line": 491,
				"type": "if",
				"locations": [
					{
						"start": { "line": 491, "column": 24 },
						"end": { "line": 491, "column": 24 }
					},
					{
						"start": { "line": 491, "column": 24 },
						"end": { "line": 491, "column": 24 }
					}
				]
			},
			"83": {
				"line": 518,
				"type": "if",
				"locations": [
					{
						"start": { "line": 518, "column": 8 },
						"end": { "line": 518, "column": 8 }
					},
					{
						"start": { "line": 518, "column": 8 },
						"end": { "line": 518, "column": 8 }
					}
				]
			},
			"84": {
				"line": 529,
				"type": "if",
				"locations": [
					{
						"start": { "line": 529, "column": 8 },
						"end": { "line": 529, "column": 8 }
					},
					{
						"start": { "line": 529, "column": 8 },
						"end": { "line": 529, "column": 8 }
					}
				]
			},
			"85": {
				"line": 541,
				"type": "if",
				"locations": [
					{
						"start": { "line": 541, "column": 8 },
						"end": { "line": 541, "column": 8 }
					},
					{
						"start": { "line": 541, "column": 8 },
						"end": { "line": 541, "column": 8 }
					}
				]
			},
			"86": {
				"line": 542,
				"type": "if",
				"locations": [
					{
						"start": { "line": 542, "column": 12 },
						"end": { "line": 542, "column": 12 }
					},
					{
						"start": { "line": 542, "column": 12 },
						"end": { "line": 542, "column": 12 }
					}
				]
			},
			"87": {
				"line": 546,
				"type": "if",
				"locations": [
					{
						"start": { "line": 546, "column": 16 },
						"end": { "line": 546, "column": 16 }
					},
					{
						"start": { "line": 546, "column": 16 },
						"end": { "line": 546, "column": 16 }
					}
				]
			},
			"88": {
				"line": 568,
				"type": "if",
				"locations": [
					{
						"start": { "line": 568, "column": 50 },
						"end": { "line": 568, "column": 50 }
					},
					{
						"start": { "line": 568, "column": 50 },
						"end": { "line": 568, "column": 50 }
					}
				]
			},
			"89": {
				"line": 569,
				"type": "if",
				"locations": [
					{
						"start": { "line": 569, "column": 22 },
						"end": { "line": 569, "column": 29 }
					},
					{
						"start": { "line": 569, "column": 33 },
						"end": { "line": 569, "column": 42 }
					}
				]
			},
			"90": {
				"line": 574,
				"type": "if",
				"locations": [
					{
						"start": { "line": 574, "column": 75 },
						"end": { "line": 574, "column": 75 }
					},
					{
						"start": { "line": 574, "column": 75 },
						"end": { "line": 574, "column": 75 }
					}
				]
			},
			"91": {
				"line": 575,
				"type": "if",
				"locations": [
					{
						"start": { "line": 575, "column": 8 },
						"end": { "line": 575, "column": 8 }
					},
					{
						"start": { "line": 575, "column": 8 },
						"end": { "line": 575, "column": 8 }
					}
				]
			},
			"92": {
				"line": 582,
				"type": "if",
				"locations": [
					{
						"start": { "line": 582, "column": 70 },
						"end": { "line": 582, "column": 70 }
					},
					{
						"start": { "line": 582, "column": 70 },
						"end": { "line": 582, "column": 70 }
					}
				]
			},
			"93": {
				"line": 583,
				"type": "if",
				"locations": [
					{
						"start": { "line": 583, "column": 8 },
						"end": { "line": 583, "column": 8 }
					},
					{
						"start": { "line": 583, "column": 8 },
						"end": { "line": 583, "column": 8 }
					}
				]
			},
			"94": {
				"line": 590,
				"type": "if",
				"locations": [
					{
						"start": { "line": 590, "column": 68 },
						"end": { "line": 590, "column": 68 }
					},
					{
						"start": { "line": 590, "column": 68 },
						"end": { "line": 590, "column": 68 }
					}
				]
			},
			"95": {
				"line": 597,
				"type": "if",
				"locations": [
					{
						"start": { "line": 597, "column": 67 },
						"end": { "line": 597, "column": 67 }
					},
					{
						"start": { "line": 597, "column": 67 },
						"end": { "line": 597, "column": 67 }
					}
				]
			},
			"96": {
				"line": 604,
				"type": "if",
				"locations": [
					{
						"start": { "line": 604, "column": 64 },
						"end": { "line": 604, "column": 64 }
					},
					{
						"start": { "line": 604, "column": 64 },
						"end": { "line": 604, "column": 64 }
					}
				]
			},
			"97": {
				"line": 611,
				"type": "if",
				"locations": [
					{
						"start": { "line": 611, "column": 60 },
						"end": { "line": 611, "column": 60 }
					},
					{
						"start": { "line": 611, "column": 60 },
						"end": { "line": 611, "column": 60 }
					}
				]
			},
			"98": {
				"line": 612,
				"type": "if",
				"locations": [
					{
						"start": { "line": 612, "column": 8 },
						"end": { "line": 612, "column": 8 }
					},
					{
						"start": { "line": 612, "column": 8 },
						"end": { "line": 612, "column": 8 }
					}
				]
			},
			"99": {
				"line": 613,
				"type": "if",
				"locations": [
					{
						"start": { "line": 613, "column": 8 },
						"end": { "line": 613, "column": 8 }
					},
					{
						"start": { "line": 613, "column": 8 },
						"end": { "line": 613, "column": 8 }
					}
				]
			},
			"100": {
				"line": 623,
				"type": "if",
				"locations": [
					{
						"start": { "line": 623, "column": 85 },
						"end": { "line": 623, "column": 85 }
					},
					{
						"start": { "line": 623, "column": 85 },
						"end": { "line": 623, "column": 85 }
					}
				]
			},
			"101": {
				"line": 624,
				"type": "if",
				"locations": [
					{
						"start": { "line": 624, "column": 8 },
						"end": { "line": 624, "column": 8 }
					},
					{
						"start": { "line": 624, "column": 8 },
						"end": { "line": 624, "column": 8 }
					}
				]
			},
			"102": {
				"line": 631,
				"type": "if",
				"locations": [
					{
						"start": { "line": 631, "column": 56 },
						"end": { "line": 631, "column": 56 }
					},
					{
						"start": { "line": 631, "column": 56 },
						"end": { "line": 631, "column": 56 }
					}
				]
			},
			"103": {
				"line": 632,
				"type": "if",
				"locations": [
					{
						"start": { "line": 632, "column": 8 },
						"end": { "line": 632, "column": 8 }
					},
					{
						"start": { "line": 632, "column": 8 },
						"end": { "line": 632, "column": 8 }
					}
				]
			},
			"104": {
				"line": 639,
				"type": "if",
				"locations": [
					{
						"start": { "line": 639, "column": 64 },
						"end": { "line": 639, "column": 64 }
					},
					{
						"start": { "line": 639, "column": 64 },
						"end": { "line": 639, "column": 64 }
					}
				]
			},
			"105": {
				"line": 647,
				"type": "if",
				"locations": [
					{
						"start": { "line": 647, "column": 78 },
						"end": { "line": 647, "column": 78 }
					},
					{
						"start": { "line": 647, "column": 78 },
						"end": { "line": 647, "column": 78 }
					}
				]
			},
			"106": {
				"line": 656,
				"type": "if",
				"locations": [
					{
						"start": { "line": 656, "column": 8 },
						"end": { "line": 656, "column": 8 }
					},
					{
						"start": { "line": 656, "column": 8 },
						"end": { "line": 656, "column": 8 }
					}
				]
			},
			"107": {
				"line": 657,
				"type": "if",
				"locations": [
					{
						"start": { "line": 657, "column": 8 },
						"end": { "line": 657, "column": 8 }
					},
					{
						"start": { "line": 657, "column": 8 },
						"end": { "line": 657, "column": 8 }
					}
				]
			},
			"108": {
				"line": 658,
				"type": "if",
				"locations": [
					{
						"start": { "line": 658, "column": 8 },
						"end": { "line": 658, "column": 8 }
					},
					{
						"start": { "line": 658, "column": 8 },
						"end": { "line": 658, "column": 8 }
					}
				]
			},
			"109": {
				"line": 659,
				"type": "if",
				"locations": [
					{
						"start": { "line": 659, "column": 12 },
						"end": { "line": 659, "column": 12 }
					},
					{
						"start": { "line": 659, "column": 12 },
						"end": { "line": 659, "column": 12 }
					}
				]
			},
			"110": {
				"line": 665,
				"type": "if",
				"locations": [
					{
						"start": { "line": 665, "column": 8 },
						"end": { "line": 665, "column": 8 }
					},
					{
						"start": { "line": 665, "column": 8 },
						"end": { "line": 665, "column": 8 }
					}
				]
			},
			"111": {
				"line": 666,
				"type": "if",
				"locations": [
					{
						"start": { "line": 666, "column": 8 },
						"end": { "line": 666, "column": 8 }
					},
					{
						"start": { "line": 666, "column": 8 },
						"end": { "line": 666, "column": 8 }
					}
				]
			},
			"112": {
				"line": 667,
				"type": "if",
				"locations": [
					{
						"start": { "line": 667, "column": 8 },
						"end": { "line": 667, "column": 8 }
					},
					{
						"start": { "line": 667, "column": 8 },
						"end": { "line": 667, "column": 8 }
					}
				]
			},
			"113": {
				"line": 668,
				"type": "if",
				"locations": [
					{
						"start": { "line": 668, "column": 8 },
						"end": { "line": 668, "column": 8 }
					},
					{
						"start": { "line": 668, "column": 8 },
						"end": { "line": 668, "column": 8 }
					}
				]
			},
			"114": {
				"line": 673,
				"type": "if",
				"locations": [
					{
						"start": { "line": 673, "column": 8 },
						"end": { "line": 673, "column": 8 }
					},
					{
						"start": { "line": 673, "column": 8 },
						"end": { "line": 673, "column": 8 }
					}
				]
			},
			"115": {
				"line": 678,
				"type": "if",
				"locations": [
					{
						"start": { "line": 678, "column": 8 },
						"end": { "line": 678, "column": 8 }
					},
					{
						"start": { "line": 678, "column": 8 },
						"end": { "line": 678, "column": 8 }
					}
				]
			}
		}
	},
	"contracts\\Overtime\\LiquidityPool\\SportsAMMV2LiquidityPoolRound.sol": {
		"l": {
			"46": 48,
			"47": 48,
			"48": 48,
			"49": 48,
			"50": 48,
			"51": 48,
			"52": 48,
			"53": 48,
			"60": 30,
			"61": 30,
			"62": 30,
			"66": 30,
			"67": 30
		},
		"path": "C:\\Projects\\thales\\contracts-v2\\contracts\\Overtime\\LiquidityPool\\SportsAMMV2LiquidityPoolRound.sol",
		"s": { "1": 48, "2": 48, "3": 30, "4": 30 },
		"b": { "1": [48, 0], "2": [30, 0], "3": [30, 0] },
		"f": { "1": 48, "2": 30, "3": 30 },
		"fnMap": {
			"1": {
				"name": "initialize",
				"line": 39,
				"loc": {
					"start": { "line": 39, "column": 4 },
					"end": { "line": 54, "column": 4 }
				}
			},
			"2": {
				"name": "updateRoundTimes",
				"line": 59,
				"loc": {
					"start": { "line": 59, "column": 4 },
					"end": { "line": 63, "column": 4 }
				}
			},
			"3": {
				"name": "onlyLiquidityPool",
				"line": 65,
				"loc": {
					"start": { "line": 65, "column": 4 },
					"end": { "line": 68, "column": 4 }
				}
			}
		},
		"statementMap": {
			"1": {
				"start": { "line": 46, "column": 8 },
				"end": { "line": 46, "column": 51 }
			},
			"2": {
				"start": { "line": 53, "column": 8 },
				"end": { "line": 53, "column": 60 }
			},
			"3": {
				"start": { "line": 62, "column": 8 },
				"end": { "line": 62, "column": 62 }
			},
			"4": {
				"start": { "line": 66, "column": 8 },
				"end": { "line": 66, "column": 78 }
			}
		},
		"branchMap": {
			"1": {
				"line": 46,
				"type": "if",
				"locations": [
					{
						"start": { "line": 46, "column": 8 },
						"end": { "line": 46, "column": 8 }
					},
					{
						"start": { "line": 46, "column": 8 },
						"end": { "line": 46, "column": 8 }
					}
				]
			},
			"2": {
				"line": 59,
				"type": "if",
				"locations": [
					{
						"start": { "line": 59, "column": 81 },
						"end": { "line": 59, "column": 81 }
					},
					{
						"start": { "line": 59, "column": 81 },
						"end": { "line": 59, "column": 81 }
					}
				]
			},
			"3": {
				"line": 66,
				"type": "if",
				"locations": [
					{
						"start": { "line": 66, "column": 8 },
						"end": { "line": 66, "column": 8 }
					},
					{
						"start": { "line": 66, "column": 8 },
						"end": { "line": 66, "column": 8 }
					}
				]
			}
		}
	},
	"contracts\\Overtime\\LiquidityPool\\SportsAMMV2LiquidityPoolRoundMastercopy.sol": {
		"l": { "10": 1 },
		"path": "C:\\Projects\\thales\\contracts-v2\\contracts\\Overtime\\LiquidityPool\\SportsAMMV2LiquidityPoolRoundMastercopy.sol",
		"s": {},
		"b": {},
		"f": { "1": 1 },
		"fnMap": {
			"1": {
				"name": "constructor",
				"line": 8,
				"loc": {
					"start": { "line": 8, "column": 4 },
					"end": { "line": 11, "column": 4 }
				}
			}
		},
		"statementMap": {},
		"branchMap": {}
	},
	"contracts\\Overtime\\SportsAMMV2.sol": {
		"l": {
			"141": 1,
			"142": 1,
			"143": 1,
			"144": 1,
			"145": 1,
			"146": 1,
			"147": 1,
			"148": 1,
			"149": 1,
			"180": 20,
			"182": 20,
			"191": 0,
			"199": 4,
			"205": 4,
			"214": 0,
			"221": 0,
			"230": 0,
			"237": 0,
			"246": 0,
			"253": 0,
			"277": 19,
			"278": 0,
			"281": 19,
			"282": 19,
			"285": 19,
			"286": 0,
			"289": 19,
			"302": 5,
			"318": 5,
			"319": 5,
			"321": 5,
			"322": 5,
			"323": 5,
			"325": 5,
			"326": 5,
			"333": 0,
			"334": 0,
			"341": 0,
			"342": 0,
			"343": 0,
			"365": 39,
			"366": 39,
			"367": 39,
			"368": 39,
			"370": 39,
			"371": 59,
			"373": 59,
			"375": 59,
			"376": 59,
			"378": 59,
			"379": 0,
			"380": 0,
			"382": 59,
			"383": 59,
			"385": 39,
			"386": 39,
			"387": 0,
			"389": 39,
			"390": 39,
			"394": 39,
			"395": 59,
			"396": 59,
			"397": 59,
			"420": 0,
			"421": 0,
			"431": 0,
			"432": 0,
			"434": 0,
			"436": 0,
			"437": 0,
			"438": 0,
			"439": 0,
			"441": 0,
			"442": 0,
			"443": 0,
			"446": 0,
			"449": 0,
			"450": 0,
			"462": 19,
			"463": 19,
			"464": 19,
			"465": 19,
			"466": 19,
			"467": 19,
			"469": 19,
			"470": 19,
			"472": 19,
			"473": 19,
			"477": 19,
			"478": 19,
			"480": 19,
			"490": 19,
			"492": 19,
			"493": 19,
			"496": 19,
			"497": 19,
			"499": 19,
			"500": 19,
			"504": 19,
			"505": 19,
			"507": 19,
			"508": 29,
			"515": 19,
			"517": 19,
			"518": 29,
			"520": 29,
			"543": 19,
			"544": 19,
			"545": 19,
			"546": 19,
			"554": 19,
			"555": 29,
			"556": 29,
			"558": 29,
			"560": 29,
			"563": 29,
			"565": 29,
			"579": 29,
			"595": 29,
			"602": 29,
			"603": 29,
			"604": 29,
			"610": 5,
			"611": 5,
			"612": 5,
			"613": 0,
			"614": 0,
			"615": 0,
			"616": 0,
			"617": 0,
			"620": 5,
			"621": 5,
			"622": 5,
			"626": 5,
			"627": 5,
			"631": 5,
			"636": 59,
			"647": 59,
			"648": 177,
			"649": 0,
			"658": 59,
			"660": 59,
			"667": 5,
			"668": 5,
			"669": 5,
			"670": 5,
			"671": 5,
			"681": 3,
			"682": 3,
			"683": 16,
			"684": 16,
			"701": 3,
			"702": 3,
			"703": 3,
			"704": 3,
			"705": 3,
			"706": 3,
			"725": 2,
			"726": 2,
			"727": 2,
			"728": 2,
			"729": 2,
			"730": 2,
			"731": 2,
			"733": 2,
			"748": 3,
			"749": 3,
			"750": 3,
			"756": 3,
			"757": 3,
			"763": 3,
			"764": 2,
			"766": 3,
			"767": 3,
			"768": 3,
			"775": 4,
			"776": 3,
			"778": 4,
			"779": 4,
			"780": 4,
			"781": 3,
			"783": 4,
			"789": 10,
			"790": 10
		},
		"path": "C:\\Projects\\thales\\contracts-v2\\contracts\\Overtime\\SportsAMMV2.sol",
		"s": {
			"1": 1,
			"2": 1,
			"3": 0,
			"4": 4,
			"5": 4,
			"6": 0,
			"7": 0,
			"8": 0,
			"9": 0,
			"10": 0,
			"11": 0,
			"12": 19,
			"13": 0,
			"14": 19,
			"15": 19,
			"16": 0,
			"17": 19,
			"18": 5,
			"19": 5,
			"20": 5,
			"21": 5,
			"22": 5,
			"23": 5,
			"24": 5,
			"25": 5,
			"26": 0,
			"27": 0,
			"28": 0,
			"29": 0,
			"30": 0,
			"31": 39,
			"32": 39,
			"33": 59,
			"34": 59,
			"35": 59,
			"36": 59,
			"37": 39,
			"38": 39,
			"39": 39,
			"40": 59,
			"41": 59,
			"42": 59,
			"43": 0,
			"44": 0,
			"45": 0,
			"46": 0,
			"47": 0,
			"48": 0,
			"49": 0,
			"50": 0,
			"51": 0,
			"52": 0,
			"53": 0,
			"54": 19,
			"55": 19,
			"56": 19,
			"57": 19,
			"58": 19,
			"59": 19,
			"60": 19,
			"61": 19,
			"62": 19,
			"63": 19,
			"64": 19,
			"65": 19,
			"66": 19,
			"67": 19,
			"68": 19,
			"69": 19,
			"70": 19,
			"71": 19,
			"72": 19,
			"73": 19,
			"74": 19,
			"75": 19,
			"76": 29,
			"77": 19,
			"78": 29,
			"79": 19,
			"80": 19,
			"81": 19,
			"82": 19,
			"83": 19,
			"84": 29,
			"85": 29,
			"86": 29,
			"87": 29,
			"88": 29,
			"89": 29,
			"90": 29,
			"91": 29,
			"92": 5,
			"93": 5,
			"94": 5,
			"95": 0,
			"96": 0,
			"97": 0,
			"98": 0,
			"99": 5,
			"100": 5,
			"101": 5,
			"102": 5,
			"103": 59,
			"104": 59,
			"105": 177,
			"106": 59,
			"107": 59,
			"108": 5,
			"109": 5,
			"110": 5,
			"111": 5,
			"112": 5,
			"113": 3,
			"114": 3,
			"115": 16,
			"116": 3,
			"117": 2,
			"118": 3,
			"119": 3,
			"120": 3,
			"121": 2,
			"122": 3,
			"123": 3,
			"124": 4,
			"125": 3,
			"126": 4,
			"127": 3,
			"128": 4,
			"129": 10
		},
		"b": {
			"1": [1, 0],
			"2": [20, 0],
			"3": [19, 0],
			"4": [19, 0],
			"5": [0, 19],
			"6": [19, 0],
			"7": [0, 19],
			"8": [5, 0],
			"9": [5, 0],
			"10": [5, 0],
			"11": [5, 0],
			"12": [5, 0],
			"13": [5, 0],
			"14": [5, 0],
			"15": [0, 0],
			"16": [0, 0],
			"17": [0, 0],
			"18": [59, 0],
			"19": [0, 59],
			"20": [39, 20],
			"21": [39, 0],
			"22": [0, 39],
			"23": [0, 59],
			"24": [0, 0],
			"25": [0, 0],
			"26": [0, 0],
			"27": [0, 0],
			"28": [0, 0],
			"29": [0, 0],
			"30": [0, 0],
			"31": [0, 0],
			"32": [0, 0],
			"33": [19, 0],
			"34": [19, 0],
			"35": [19, 0],
			"36": [19, 0],
			"37": [19, 0],
			"38": [19, 0],
			"39": [29, 0],
			"40": [29, 0],
			"41": [29, 0],
			"42": [29, 0],
			"43": [29, 0],
			"44": [29, 0],
			"45": [0, 5],
			"46": [0, 0],
			"47": [0, 5],
			"48": [59, 0],
			"49": [5, 0],
			"50": [3, 1],
			"51": [3, 0],
			"52": [3, 1],
			"53": [2, 1],
			"54": [3, 1],
			"55": [3, 1],
			"56": [3, 1],
			"57": [2, 1],
			"58": [4, 1],
			"59": [3, 1],
			"60": [3, 1],
			"61": [10, 0]
		},
		"f": {
			"1": 1,
			"2": 20,
			"3": 0,
			"4": 4,
			"5": 4,
			"6": 0,
			"7": 0,
			"8": 0,
			"9": 0,
			"10": 0,
			"11": 0,
			"12": 19,
			"13": 5,
			"14": 5,
			"15": 0,
			"16": 0,
			"17": 39,
			"18": 0,
			"19": 19,
			"20": 19,
			"21": 19,
			"22": 19,
			"23": 19,
			"24": 29,
			"25": 5,
			"26": 5,
			"27": 5,
			"28": 59,
			"29": 5,
			"30": 3,
			"31": 3,
			"32": 2,
			"33": 3,
			"34": 3,
			"35": 3,
			"36": 4,
			"37": 10
		},
		"fnMap": {
			"1": {
				"name": "initialize",
				"line": 140,
				"loc": {
					"start": { "line": 131, "column": 4 },
					"end": { "line": 150, "column": 4 }
				}
			},
			"2": {
				"name": "tradeQuote",
				"line": 164,
				"loc": {
					"start": { "line": 164, "column": 4 },
					"end": { "line": 185, "column": 4 }
				}
			},
			"3": {
				"name": "isActiveTicket",
				"line": 190,
				"loc": {
					"start": { "line": 190, "column": 4 },
					"end": { "line": 192, "column": 4 }
				}
			},
			"4": {
				"name": "getActiveTickets",
				"line": 198,
				"loc": {
					"start": { "line": 198, "column": 4 },
					"end": { "line": 200, "column": 4 }
				}
			},
			"5": {
				"name": "numOfActiveTickets",
				"line": 204,
				"loc": {
					"start": { "line": 204, "column": 4 },
					"end": { "line": 206, "column": 4 }
				}
			},
			"6": {
				"name": "getActiveTicketsPerUser",
				"line": 213,
				"loc": {
					"start": { "line": 213, "column": 4 },
					"end": { "line": 215, "column": 4 }
				}
			},
			"7": {
				"name": "numOfActiveTicketsPerUser",
				"line": 220,
				"loc": {
					"start": { "line": 220, "column": 4 },
					"end": { "line": 222, "column": 4 }
				}
			},
			"8": {
				"name": "getResolvedTicketsPerUser",
				"line": 229,
				"loc": {
					"start": { "line": 229, "column": 4 },
					"end": { "line": 231, "column": 4 }
				}
			},
			"9": {
				"name": "numOfResolvedTicketsPerUser",
				"line": 236,
				"loc": {
					"start": { "line": 236, "column": 4 },
					"end": { "line": 238, "column": 4 }
				}
			},
			"10": {
				"name": "getTicketsPerGame",
				"line": 245,
				"loc": {
					"start": { "line": 245, "column": 4 },
					"end": { "line": 247, "column": 4 }
				}
			},
			"11": {
				"name": "numOfTicketsPerGame",
				"line": 252,
				"loc": {
					"start": { "line": 252, "column": 4 },
					"end": { "line": 254, "column": 4 }
				}
			},
			"12": {
				"name": "trade",
				"line": 276,
				"loc": {
					"start": { "line": 267, "column": 4 },
					"end": { "line": 297, "column": 4 }
				}
			},
			"13": {
				"name": "exerciseTicket",
				"line": 301,
				"loc": {
					"start": { "line": 301, "column": 4 },
					"end": { "line": 303, "column": 4 }
				}
			},
			"14": {
[...]
					},
					{
						"start": { "line": 285, "column": 39 },
						"end": { "line": 285, "column": 78 }
					}
				]
			},
			"26": {
				"line": 286,
				"type": "if",
				"locations": [
					{
						"start": { "line": 286, "column": 8 },
						"end": { "line": 286, "column": 8 }
					},
					{
						"start": { "line": 286, "column": 8 },
						"end": { "line": 286, "column": 8 }
					}
				]
			},
			"27": {
				"line": 305,
				"type": "if",
				"locations": [
					{
						"start": { "line": 305, "column": 105 },
						"end": { "line": 305, "column": 105 }
					},
					{
						"start": { "line": 305, "column": 105 },
						"end": { "line": 305, "column": 105 }
					}
				]
			},
			"28": {
				"line": 307,
				"type": "if",
				"locations": [
					{
						"start": { "line": 307, "column": 12 },
						"end": { "line": 307, "column": 12 }
					},
					{
						"start": { "line": 307, "column": 12 },
						"end": { "line": 307, "column": 12 }
					}
				]
			},
			"29": {
				"line": 308,
				"type": "if",
				"locations": [
					{
						"start": { "line": 308, "column": 12 },
						"end": { "line": 308, "column": 12 }
					},
					{
						"start": { "line": 308, "column": 12 },
						"end": { "line": 308, "column": 12 }
					}
				]
			},
			"30": {
				"line": 317,
				"type": "if",
				"locations": [
					{
						"start": { "line": 317, "column": 68 },
						"end": { "line": 317, "column": 68 }
					},
					{
						"start": { "line": 317, "column": 68 },
						"end": { "line": 317, "column": 68 }
					}
				]
			},
			"31": {
				"line": 318,
				"type": "if",
				"locations": [
					{
						"start": { "line": 318, "column": 8 },
						"end": { "line": 318, "column": 8 }
					},
					{
						"start": { "line": 318, "column": 8 },
						"end": { "line": 318, "column": 8 }
					}
				]
			},
			"32": {
				"line": 325,
				"type": "if",
				"locations": [
					{
						"start": { "line": 325, "column": 8 },
						"end": { "line": 325, "column": 8 }
					},
					{
						"start": { "line": 325, "column": 8 },
						"end": { "line": 325, "column": 8 }
					}
				]
			},
			"33": {
				"line": 326,
				"type": "if",
				"locations": [
					{
						"start": { "line": 326, "column": 8 },
						"end": { "line": 326, "column": 8 }
					},
					{
						"start": { "line": 326, "column": 8 },
						"end": { "line": 326, "column": 8 }
					}
				]
			},
			"34": {
				"line": 332,
				"type": "if",
				"locations": [
					{
						"start": { "line": 332, "column": 62 },
						"end": { "line": 332, "column": 82 }
					},
					{
						"start": { "line": 332, "column": 86 },
						"end": { "line": 332, "column": 95 }
					}
				]
			},
			"35": {
				"line": 333,
				"type": "if",
				"locations": [
					{
						"start": { "line": 333, "column": 8 },
						"end": { "line": 333, "column": 8 }
					},
					{
						"start": { "line": 333, "column": 8 },
						"end": { "line": 333, "column": 8 }
					}
				]
			},
			"36": {
				"line": 334,
				"type": "if",
				"locations": [
					{
						"start": { "line": 334, "column": 8 },
						"end": { "line": 334, "column": 8 }
					},
					{
						"start": { "line": 334, "column": 8 },
						"end": { "line": 334, "column": 8 }
					}
				]
			},
			"37": {
				"line": 335,
				"type": "if",
				"locations": [
					{
						"start": { "line": 335, "column": 8 },
						"end": { "line": 335, "column": 8 }
					},
					{
						"start": { "line": 335, "column": 8 },
						"end": { "line": 335, "column": 8 }
					}
				]
			},
			"38": {
				"line": 348,
				"type": "if",
				"locations": [
					{
						"start": { "line": 348, "column": 15 },
						"end": { "line": 348, "column": 15 }
					},
					{
						"start": { "line": 348, "column": 15 },
						"end": { "line": 348, "column": 15 }
					}
				]
			},
			"39": {
				"line": 349,
				"type": "if",
				"locations": [
					{
						"start": { "line": 349, "column": 8 },
						"end": { "line": 349, "column": 8 }
					},
					{
						"start": { "line": 349, "column": 8 },
						"end": { "line": 349, "column": 8 }
					}
				]
			},
			"40": {
				"line": 357,
				"type": "if",
				"locations": [
					{
						"start": { "line": 357, "column": 57 },
						"end": { "line": 357, "column": 57 }
					},
					{
						"start": { "line": 357, "column": 57 },
						"end": { "line": 357, "column": 57 }
					}
				]
			},
			"41": {
				"line": 358,
				"type": "if",
				"locations": [
					{
						"start": { "line": 358, "column": 8 },
						"end": { "line": 358, "column": 8 }
					},
					{
						"start": { "line": 358, "column": 8 },
						"end": { "line": 358, "column": 8 }
					}
				]
			}
		}
	},
	"contracts\\Overtime\\Ticket.sol": {
		"l": {
			"69": 19,
			"70": 19,
			"71": 19,
			"72": 19,
			"73": 19,
			"74": 19,
			"75": 29,
			"77": 19,
			"78": 19,
			"79": 19,
			"80": 19,
			"81": 19,
			"82": 19,
			"83": 19,
			"91": 39,
			"92": 39,
			"99": 39,
			"107": 39,
			"108": 20,
			"111": 19,
			"117": 50,
			"118": 51,
			"127": 3,
			"130": 47,
			"136": 28,
			"137": 27,
			"144": 22,
			"150": 0,
			"158": 0,
			"165": 5,
			"166": 5,
			"167": 5,
			"169": 5,
			"170": 5,
			"171": 5,
			"173": 5,
			"174": 5,
			"175": 5,
			"178": 0,
			"179": 0,
			"180": 0,
			"181": 0,
			"189": 0,
			"190": 0,
			"192": 0,
			"195": 0,
			"197": 0,
			"198": 0,
			"199": 0,
			"206": 5,
			"211": 0,
			"212": 0,
			"213": 0,
			"214": 0,
			"219": 0,
			"225": 5,
			"226": 5,
			"227": 5,
			"228": 5,
			"232": 0,
			"233": 0,
			"234": 0,
			"241": 0,
			"242": 0,
			"243": 0,
			"249": 5,
			"250": 5
		},
		"path": "C:\\Projects\\thales\\contracts-v2\\contracts\\Overtime\\Ticket.sol",
		"s": {
			"1": 19,
			"2": 19,
			"3": 19,
			"4": 39,
			"5": 39,
			"6": 39,
			"7": 39,
			"8": 20,
			"9": 19,
			"10": 50,
			"11": 51,
			"12": 3,
			"13": 47,
			"14": 28,
			"15": 0,
			"16": 0,
			"17": 5,
			"18": 5,
			"19": 5,
			"20": 5,
			"21": 5,
			"22": 5,
			"23": 5,
			"24": 5,
			"25": 5,
			"26": 0,
			"27": 0,
			"28": 0,
			"29": 0,
			"30": 0,
			"31": 0,
			"32": 0,
			"33": 0,
			"34": 5,
			"35": 0,
			"36": 0,
			"37": 0,
			"38": 0,
			"39": 0,
			"40": 5,
			"41": 5,
			"42": 0,
			"43": 0,
			"44": 0,
			"45": 0,
			"46": 0,
			"47": 5
		},
		"b": {
			"1": [19, 0],
			"2": [20, 19],
			"3": [3, 48],
			"4": [27, 1],
			"5": [0, 0],
			"6": [5, 0],
			"7": [5, 0],
			"8": [5, 0],
			"9": [5, 0],
			"10": [5, 0],
			"11": [0, 0],
			"12": [0, 0],
			"13": [0, 0],
			"14": [0, 0],
			"15": [0, 0],
			"16": [0, 0],
			"17": [0, 0],
			"18": [0, 0],
			"19": [0, 0],
			"20": [5, 0]
		},
		"f": {
			"1": 19,
			"2": 39,
			"3": 50,
			"4": 28,
			"5": 22,
			"6": 0,
			"7": 0,
			"8": 5,
			"9": 0,
			"10": 0,
			"11": 5,
			"12": 0,
			"13": 0,
			"14": 5
		},
		"fnMap": {
			"1": {
				"name": "initialize",
				"line": 59,
				"loc": {
					"start": { "line": 59, "column": 4 },
					"end": { "line": 84, "column": 4 }
				}
			},
			"2": {
				"name": "isTicketLost",
				"line": 90,
				"loc": {
					"start": { "line": 90, "column": 4 },
					"end": { "line": 112, "column": 4 }
				}
			},
			"3": {
				"name": "areAllMarketsResolved",
				"line": 116,
				"loc": {
					"start": { "line": 116, "column": 4 },
					"end": { "line": 131, "column": 4 }
				}
			},
			"4": {
				"name": "isUserTheWinner",
				"line": 135,
				"loc": {
					"start": { "line": 135, "column": 4 },
					"end": { "line": 139, "column": 4 }
				}
			},
			"5": {
				"name": "isTicketExercisable",
				"line": 143,
				"loc": {
					"start": { "line": 143, "column": 4 },
					"end": { "line": 145, "column": 4 }
				}
			},
			"6": {
				"name": "phase",
				"line": 149,
				"loc": {
					"start": { "line": 149, "column": 4 },
					"end": { "line": 151, "column": 4 }
				}
			},
			"7": {
				"name": "getCombinedPositions",
				"line": 155,
				"loc": {
					"start": { "line": 155, "column": 4 },
					"end": { "line": 159, "column": 4 }
				}
			},
			"8": {
				"name": "exercise",
				"line": 164,
				"loc": {
					"start": { "line": 164, "column": 4 },
					"end": { "line": 207, "column": 4 }
				}
			},
			"9": {
				"name": "expire",
				"line": 210,
				"loc": {
					"start": { "line": 210, "column": 4 },
					"end": { "line": 215, "column": 4 }
				}
			},
			"10": {
				"name": "withdrawCollateral",
				"line": 218,
				"loc": {
					"start": { "line": 218, "column": 4 },
					"end": { "line": 220, "column": 4 }
				}
			},
			"11": {
				"name": "_resolve",
				"line": 224,
				"loc": {
					"start": { "line": 224, "column": 4 },
					"end": { "line": 229, "column": 4 }
				}
			},
			"12": {
				"name": "_selfDestruct",
				"line": 231,
				"loc": {
					"start": { "line": 231, "column": 4 },
					"end": { "line": 236, "column": 4 }
				}
			},
			"13": {
				"name": "setPaused",
				"line": 240,
				"loc": {
					"start": { "line": 240, "column": 4 },
					"end": { "line": 244, "column": 4 }
				}
			},
			"14": {
				"name": "onlyAMM",
				"line": 248,
				"loc": {
					"start": { "line": 248, "column": 4 },
					"end": { "line": 251, "column": 4 }
				}
			}
		},
		"statementMap": {
			"1": {
				"start": { "line": 69, "column": 8 },
				"end": { "line": 69, "column": 58 }
			},
			"2": {
				"start": { "line": 71, "column": 8 },
				"end": { "line": 71, "column": 28 }
			},
			"3": {
				"start": { "line": 74, "column": 8 },
				"end": { "line": 74, "column": 2059 }
			},
			"4": {
				"start": { "line": 91, "column": 8 },
				"end": { "line": 91, "column": 2632 }
			},
			"5": {
				"start": { "line": 92, "column": 12 },
				"end": { "line": 92, "column": 2691 }
			},
			"6": {
				"start": { "line": 99, "column": 12 },
				"end": { "line": 99, "column": 2971 }
			},
			"7": {
				"start": { "line": 107, "column": 12 },
				"end": { "line": 107, "column": 3301 }
			},
			"8": {
				"start": { "line": 108, "column": 16 },
				"end": { "line": 108, "column": 27 }
			},
			"9": {
				"start": { "line": 111, "column": 8 },
				"end": { "line": 111, "column": 20 }
			},
			"10": {
				"start": { "line": 117, "column": 8 },
				"end": { "line": 117, "column": 3616 }
			},
			"11": {
				"start": { "line": 118, "column": 12 },
				"end": { "line": 118, "column": 3674 }
			},
			"12": {
				"start": { "line": 127, "column": 16 },
				"end": { "line": 127, "column": 28 }
			},
			"13": {
				"start": { "line": 130, "column": 8 },
				"end": { "line": 130, "column": 19 }
			},
			"14": {
				"start": { "line": 136, "column": 8 },
				"end": { "line": 136, "column": 4226 }
			},
			"15": {
				"start": { "line": 150, "column": 8 },
				"end": { "line": 150, "column": 102 }
			},
			"16": {
				"start": { "line": 158, "column": 8 },
				"end": { "line": 158, "column": 54 }
			},
			"17": {
				"start": { "line": 165, "column": 8 },
				"end": { "line": 165, "column": 40 }
			},
			"18": {
				"start": { "line": 166, "column": 8 },
				"end": { "line": 166, "column": 50 }
			},
			"19": {
				"start": { "line": 167, "column": 8 },
				"end": { "line": 167, "column": 59 }
			},
			"20": {
				"start": { "line": 169, "column": 8 },
				"end": { "line": 169, "column": 84 }
			},
			"21": {
				"start": { "line": 170, "column": 8 },
				"end": { "line": 170, "column": 75 }
			},
			"22": {
				"start": { "line": 171, "column": 8 },
				"end": { "line": 171, "column": 32 }
			},
			"23": {
				"start": { "line": 173, "column": 8 },
				"end": { "line": 173, "column": 5647 }
			},
			"24": {
				"start": { "line": 174, "column": 12 },
				"end": { "line": 174, "column": 5685 }
			},
			"25": {
				"start": { "line": 175, "column": 16 },
				"end": { "line": 175, "column": 89 }
			},
			"26": {
				"start": { "line": 178, "column": 12 },
				"end": { "line": 178, "column": 37 }
			},
			"27": {
				"start": { "line": 180, "column": 12 },
				"end": { "line": 180, "column": 5917 }
			},
			"28": {
				"start": { "line": 181, "column": 16 },
				"end": { "line": 181, "column": 5980 }
			},
			"29": {
				"start": { "line": 189, "column": 16 },
				"end": { "line": 189, "column": 6346 }
			},
			"30": {
				"start": { "line": 195, "column": 12 },
				"end": { "line": 195, "column": 112 }
			},
			"31": {
				"start": { "line": 197, "column": 12 },
				"end": { "line": 197, "column": 81 }
			},
			"32": {
				"start": { "line": 198, "column": 12 },
				"end": { "line": 198, "column": 6756 }
			},
			"33": {
				"start": { "line": 199, "column": 16 },
				"end": { "line": 199, "column": 6796 }
			},
			"34": {
				"start": { "line": 206, "column": 8 },
				"end": { "line": 206, "column": 45 }
			},
			"35": {
				"start": { "line": 211, "column": 8 },
				"end": { "line": 211, "column": 57 }
			},
			"36": {
				"start": { "line": 212, "column": 8 },
				"end": { "line": 212, "column": 58 }
			},
			"37": {
				"start": { "line": 213, "column": 8 },
				"end": { "line": 213, "column": 33 }
			},
			"38": {
				"start": { "line": 214, "column": 8 },
				"end": { "line": 214, "column": 33 }
			},
			"39": {
				"start": { "line": 219, "column": 8 },
				"end": { "line": 219, "column": 112 }
			},
			"40": {
				"start": { "line": 227, "column": 8 },
				"end": { "line": 227, "column": 96 }
			},
			"41": {
				"start": { "line": 228, "column": 8 },
				"end": { "line": 228, "column": 46 }
			},
			"42": {
				"start": { "line": 232, "column": 8 },
				"end": { "line": 232, "column": 77 }
			},
			"43": {
				"start": { "line": 233, "column": 8 },
				"end": { "line": 233, "column": 8068 }
			},
			"44": {
				"start": { "line": 234, "column": 12 },
				"end": { "line": 234, "column": 71 }
			},
			"45": {
				"start": { "line": 241, "column": 8 },
				"end": { "line": 241, "column": 54 }
			},
			"46": {
				"start": { "line": 243, "column": 8 },
				"end": { "line": 243, "column": 34 }
			},
			"47": {
				"start": { "line": 249, "column": 8 },
				"end": { "line": 249, "column": 90 }
			}
		},
		"branchMap": {
			"1": {
				"line": 69,
				"type": "if",
				"locations": [
					{
						"start": { "line": 69, "column": 8 },
						"end": { "line": 69, "column": 8 }
					},
					{
						"start": { "line": 69, "column": 8 },
						"end": { "line": 69, "column": 8 }
					}
				]
			},
			"2": {
				"line": 107,
				"type": "if",
				"locations": [
					{
						"start": { "line": 107, "column": 12 },
						"end": { "line": 107, "column": 12 }
					},
					{
						"start": { "line": 107, "column": 12 },
						"end": { "line": 107, "column": 12 }
					}
				]
			},
			"3": {
				"line": 118,
				"type": "if",
				"locations": [
					{
						"start": { "line": 118, "column": 12 },
						"end": { "line": 118, "column": 12 }
					},
					{
						"start": { "line": 118, "column": 12 },
						"end": { "line": 118, "column": 12 }
					}
				]
			},
			"4": {
				"line": 136,
				"type": "if",
				"locations": [
					{
						"start": { "line": 136, "column": 8 },
						"end": { "line": 136, "column": 8 }
					},
					{
						"start": { "line": 136, "column": 8 },
						"end": { "line": 136, "column": 8 }
					}
				]
			},
			"5": {
				"line": 150,
				"type": "if",
				"locations": [
					{
						"start": { "line": 150, "column": 26 },
						"end": { "line": 150, "column": 85 }
					},
					{
						"start": { "line": 150, "column": 89 },
						"end": { "line": 150, "column": 101 }
					}
				]
			},
			"6": {
				"line": 164,
				"type": "if",
				"locations": [
					{
						"start": { "line": 164, "column": 33 },
						"end": { "line": 164, "column": 33 }
					},
					{
						"start": { "line": 164, "column": 33 },
						"end": { "line": 164, "column": 33 }
					}
				]
			},
			"7": {
				"line": 165,
				"type": "if",
				"locations": [
					{
						"start": { "line": 165, "column": 8 },
						"end": { "line": 165, "column": 8 }
					},
					{
						"start": { "line": 165, "column": 8 },
						"end": { "line": 165, "column": 8 }
					}
				]
			},
			"8": {
				"line": 167,
				"type": "if",
				"locations": [
					{
						"start": { "line": 167, "column": 8 },
						"end": { "line": 167, "column": 8 }
					},
					{
						"start": { "line": 167, "column": 8 },
						"end": { "line": 167, "column": 8 }
					}
				]
			},
			"9": {
				"line": 173,
				"type": "if",
				"locations": [
					{
						"start": { "line": 173, "column": 8 },
						"end": { "line": 173, "column": 8 }
					},
					{
						"start": { "line": 173, "column": 8 },
						"end": { "line": 173, "column": 8 }
					}
				]
			},
			"10": {
				"line": 174,
				"type": "if",
				"locations": [
					{
						"start": { "line": 174, "column": 12 },
						"end": { "line": 174, "column": 12 }
					},
					{
						"start": { "line": 174, "column": 12 },
						"end": { "line": 174, "column": 12 }
					}
				]
			},
			"11": {
				"line": 189,
				"type": "if",
				"locations": [
					{
						"start": { "line": 189, "column": 16 },
						"end": { "line": 189, "column": 16 }
					},
					{
						"start": { "line": 189, "column": 16 },
						"end": { "line": 189, "column": 16 }
					}
				]
			},
			"12": {
				"line": 198,
				"type": "if",
				"locations": [
					{
						"start": { "line": 198, "column": 12 },
						"end": { "line": 198, "column": 12 }
					},
					{
						"start": { "line": 198, "column": 12 },
						"end": { "line": 198, "column": 12 }
					}
				]
			},
			"13": {
				"line": 210,
				"type": "if",
				"locations": [
					{
						"start": { "line": 210, "column": 58 },
						"end": { "line": 210, "column": 58 }
					},
					{
						"start": { "line": 210, "column": 58 },
						"end": { "line": 210, "column": 58 }
					}
				]
			},
			"14": {
				"line": 211,
				"type": "if",
				"locations": [
					{
						"start": { "line": 211, "column": 8 },
						"end": { "line": 211, "column": 8 }
					},
					{
						"start": { "line": 211, "column": 8 },
						"end": { "line": 211, "column": 8 }
					}
				]
			},
			"15": {
				"line": 212,
				"type": "if",
				"locations": [
					{
						"start": { "line": 212, "column": 8 },
						"end": { "line": 212, "column": 8 }
					},
					{
						"start": { "line": 212, "column": 8 },
						"end": { "line": 212, "column": 8 }
					}
				]
			},
			"16": {
				"line": 218,
				"type": "if",
				"locations": [
					{
						"start": { "line": 218, "column": 60 },
						"end": { "line": 218, "column": 60 }
					},
					{
						"start": { "line": 218, "column": 60 },
						"end": { "line": 218, "column": 60 }
					}
				]
			},
			"17": {
				"line": 233,
				"type": "if",
				"locations": [
					{
						"start": { "line": 233, "column": 8 },
						"end": { "line": 233, "column": 8 }
					},
					{
						"start": { "line": 233, "column": 8 },
						"end": { "line": 233, "column": 8 }
					}
				]
			},
			"18": {
				"line": 240,
				"type": "if",
				"locations": [
					{
						"start": { "line": 240, "column": 46 },
						"end": { "line": 240, "column": 46 }
					},
					{
						"start": { "line": 240, "column": 46 },
						"end": { "line": 240, "column": 46 }
					}
				]
			},
			"19": {
				"line": 241,
				"type": "if",
				"locations": [
					{
						"start": { "line": 241, "column": 8 },
						"end": { "line": 241, "column": 8 }
					},
					{
						"start": { "line": 241, "column": 8 },
						"end": { "line": 241, "column": 8 }
					}
				]
			},
			"20": {
				"line": 249,
				"type": "if",
				"locations": [
					{
						"start": { "line": 249, "column": 8 },
						"end": { "line": 249, "column": 8 }
					},
					{
						"start": { "line": 249, "column": 8 },
						"end": { "line": 249, "column": 8 }
					}
				]
			}
		}
	},
	"contracts\\Overtime\\TicketMastercopy.sol": {
		"l": { "10": 1 },
		"path": "C:\\Projects\\thales\\contracts-v2\\contracts\\Overtime\\TicketMastercopy.sol",
		"s": {},
		"b": {},
		"f": { "1": 1 },
		"fnMap": {
			"1": {
				"name": "constructor",
				"line": 8,
				"loc": {
					"start": { "line": 8, "column": 4 },
					"end": { "line": 11, "column": 4 }
				}
			}
		},
		"statementMap": {},
		"branchMap": {}
	}
}
